-- The C compiler identification is AppleClang 21.0.0.21000099
-- The CXX compiler identification is AppleClang 21.0.0.21000099
-- Detecting C compiler ABI info
-- Detecting C compiler ABI info - done
-- Check for working C compiler: /usr/bin/cc - skipped
-- Detecting C compile features
-- Detecting C compile features - done
-- Detecting CXX compiler ABI info
-- Detecting CXX compiler ABI info - done
-- Check for working CXX compiler: /usr/bin/c++ - skipped
-- Detecting CXX compile features
-- Detecting CXX compile features - done
-- Found ament_cmake: 2.5.5 (/Users/eduardofelix/scout_bot_mac/.pixi/envs/default/share/ament_cmake/cmake)
-- Found Python3: /Users/eduardofelix/scout_bot_mac/.pixi/envs/default/bin/python3 (found version "3.12.13") found components: Interpreter
-- Found builtin_interfaces: 2.0.3 (/Users/eduardofelix/scout_bot_mac/.pixi/envs/default/share/builtin_interfaces/cmake)
-- Found rosidl_generator_c: 4.6.7 (/Users/eduardofelix/scout_bot_mac/.pixi/envs/default/share/rosidl_generator_c/cmake)
-- Found rosidl_generator_cpp: 4.6.7 (/Users/eduardofelix/scout_bot_mac/.pixi/envs/default/share/rosidl_generator_cpp/cmake)
-- Using all available rosidl_typesupport_c: rosidl_typesupport_fastrtps_c;rosidl_typesupport_introspection_c
-- Using all available rosidl_typesupport_cpp: rosidl_typesupport_fastrtps_cpp;rosidl_typesupport_introspection_cpp
-- Found rosidl_default_generators: 1.6.0 (/Users/eduardofelix/scout_bot_mac/.pixi/envs/default/share/rosidl_default_generators/cmake)
-- Found rosidl_adapter: 4.6.7 (/Users/eduardofelix/scout_bot_mac/.pixi/envs/default/share/rosidl_adapter/cmake)
-- Found ament_cmake_ros: 0.12.0 (/Users/eduardofelix/scout_bot_mac/.pixi/envs/default/share/ament_cmake_ros/cmake)
-- Using all available rosidl_typesupport_c: rosidl_typesupport_fastrtps_c;rosidl_typesupport_introspection_c
-- Using all available rosidl_typesupport_cpp: rosidl_typesupport_fastrtps_cpp;rosidl_typesupport_introspection_cpp
-- Found python_cmake_module: 0.11.1 (/Users/eduardofelix/scout_bot_mac/.pixi/envs/default/share/python_cmake_module/cmake)
-- Found PythonExtra: /Users/eduardofelix/scout_bot_mac/.pixi/envs/default/bin/python3
-- Found Python3: /Users/eduardofelix/scout_bot_mac/.pixi/envs/default/bin/python3 (found version "3.12.13") found components: Interpreter Development NumPy Development.Module Development.Embed
-- Configuring done (8.1s)
-- Generating done (1.6s)
-- Build files have been written to: /Users/eduardofelix/scout_bot_mac/ros_ws/build/px4_msgs
[  0%] Generating type hashes for ROS interfaces
