[0.031s] Invoking command in '/Users/eduardofelix/scout_bot_mac/ros_ws/build/px4_msgs': CMAKE_PREFIX_PATH=/Users/eduardofelix/scout_bot_mac/.pixi/envs/default PIXI_PROMPT=(scout_bot_mac) SHLVL=1 XPC_SERVICE_NAME=0 _=/usr/bin/env /Users/eduardofelix/scout_bot_mac/.pixi/envs/default/bin/cmake /Users/eduardofelix/scout_bot_mac/ros_ws/src/px4_msgs -DCMAKE_FIND_FRAMEWORK=LAST -DCMAKE_SYSTEM_IGNORE_PATH=/opt/homebrew -DCMAKE_IGNORE_PATH=/opt/homebrew -DPython3_EXECUTABLE=/Users/eduardofelix/scout_bot_mac/.pixi/envs/default/bin/python3 -DCMAKE_INSTALL_PREFIX=/Users/eduardofelix/scout_bot_mac/ros_ws/install/px4_msgs
[0.220s] CMake Deprecation Warning at CMakeLists.txt:1 (cmake_minimum_required):
[0.221s]   Compatibility with CMake < 3.10 will be removed from a future version of
[0.221s]   CMake.
[0.221s] 
[0.221s]   Update the VERSION argument <min> value.  Or, use the <min>...<max> syntax
[0.221s]   to tell CMake that the project requires at least <min> but has been updated
[0.221s]   to work with policies introduced by <max> or earlier.
[0.221s] 
[0.221s] 
[0.942s] -- The C compiler identification is AppleClang 21.0.0.21000099
[1.092s] -- The CXX compiler identification is AppleClang 21.0.0.21000099
[1.139s] -- Detecting C compiler ABI info
[1.425s] -- Detecting C compiler ABI info - done
[1.446s] -- Check for working C compiler: /usr/bin/cc - skipped
[1.447s] -- Detecting C compile features
[1.447s] -- Detecting C compile features - done
[1.456s] -- Detecting CXX compiler ABI info
[1.726s] -- Detecting CXX compiler ABI info - done
[1.748s] -- Check for working CXX compiler: /usr/bin/c++ - skipped
[1.748s] -- Detecting CXX compile features
[1.749s] -- Detecting CXX compile features - done
[1.789s] -- Found ament_cmake: 2.5.5 (/Users/eduardofelix/scout_bot_mac/.pixi/envs/default/share/ament_cmake/cmake)
[1.974s] -- Found Python3: /Users/eduardofelix/scout_bot_mac/.pixi/envs/default/bin/python3 (found version "3.12.13") found components: Interpreter
[2.282s] -- Found builtin_interfaces: 2.0.3 (/Users/eduardofelix/scout_bot_mac/.pixi/envs/default/share/builtin_interfaces/cmake)
[2.429s] -- Found rosidl_generator_c: 4.6.7 (/Users/eduardofelix/scout_bot_mac/.pixi/envs/default/share/rosidl_generator_c/cmake)
[2.488s] -- Found rosidl_generator_cpp: 4.6.7 (/Users/eduardofelix/scout_bot_mac/.pixi/envs/default/share/rosidl_generator_cpp/cmake)
[2.553s] -- Using all available rosidl_typesupport_c: rosidl_typesupport_fastrtps_c;rosidl_typesupport_introspection_c
[2.621s] -- Using all available rosidl_typesupport_cpp: rosidl_typesupport_fastrtps_cpp;rosidl_typesupport_introspection_cpp
[2.689s] -- Found rosidl_default_generators: 1.6.0 (/Users/eduardofelix/scout_bot_mac/.pixi/envs/default/share/rosidl_default_generators/cmake)
[2.781s] -- Found rosidl_adapter: 4.6.7 (/Users/eduardofelix/scout_bot_mac/.pixi/envs/default/share/rosidl_adapter/cmake)
[5.551s] -- Found ament_cmake_ros: 0.12.0 (/Users/eduardofelix/scout_bot_mac/.pixi/envs/default/share/ament_cmake_ros/cmake)
[6.713s] -- Using all available rosidl_typesupport_c: rosidl_typesupport_fastrtps_c;rosidl_typesupport_introspection_c
[7.248s] -- Using all available rosidl_typesupport_cpp: rosidl_typesupport_fastrtps_cpp;rosidl_typesupport_introspection_cpp
[7.278s] -- Found python_cmake_module: 0.11.1 (/Users/eduardofelix/scout_bot_mac/.pixi/envs/default/share/python_cmake_module/cmake)
[7.551s] -- Found PythonExtra: /Users/eduardofelix/scout_bot_mac/.pixi/envs/default/bin/python3
[8.182s] -- Found Python3: /Users/eduardofelix/scout_bot_mac/.pixi/envs/default/bin/python3 (found version "3.12.13") found components: Interpreter Development NumPy Development.Module Development.Embed
[8.320s] -- Configuring done (8.1s)
[9.905s] -- Generating done (1.6s)
[10.010s] -- Build files have been written to: /Users/eduardofelix/scout_bot_mac/ros_ws/build/px4_msgs
[10.044s] Invoked command in '/Users/eduardofelix/scout_bot_mac/ros_ws/build/px4_msgs' returned '0': CMAKE_PREFIX_PATH=/Users/eduardofelix/scout_bot_mac/.pixi/envs/default PIXI_PROMPT=(scout_bot_mac) SHLVL=1 XPC_SERVICE_NAME=0 _=/usr/bin/env /Users/eduardofelix/scout_bot_mac/.pixi/envs/default/bin/cmake /Users/eduardofelix/scout_bot_mac/ros_ws/src/px4_msgs -DCMAKE_FIND_FRAMEWORK=LAST -DCMAKE_SYSTEM_IGNORE_PATH=/opt/homebrew -DCMAKE_IGNORE_PATH=/opt/homebrew -DPython3_EXECUTABLE=/Users/eduardofelix/scout_bot_mac/.pixi/envs/default/bin/python3 -DCMAKE_INSTALL_PREFIX=/Users/eduardofelix/scout_bot_mac/ros_ws/install/px4_msgs
[10.048s] Invoking command in '/Users/eduardofelix/scout_bot_mac/ros_ws/build/px4_msgs': CMAKE_PREFIX_PATH=/Users/eduardofelix/scout_bot_mac/.pixi/envs/default PIXI_PROMPT=(scout_bot_mac) SHLVL=1 XPC_SERVICE_NAME=0 _=/usr/bin/env /Users/eduardofelix/scout_bot_mac/.pixi/envs/default/bin/cmake --build /Users/eduardofelix/scout_bot_mac/ros_ws/build/px4_msgs -- -j8 -l8
[11.556s] [  0%] Generating type hashes for ROS interfaces
[38.212s] make[1]: *** [CMakeFiles/px4_msgs__rosidl_generator_type_description.dir/all] Killed: 9
[38.212s] make: *** [all] Error 2
[38.212s] make: INTERNAL: Exiting with 9 jobserver tokens available; should be 8!
[38.213s] Invoked command in '/Users/eduardofelix/scout_bot_mac/ros_ws/build/px4_msgs' returned '-9': CMAKE_PREFIX_PATH=/Users/eduardofelix/scout_bot_mac/.pixi/envs/default PIXI_PROMPT=(scout_bot_mac) SHLVL=1 XPC_SERVICE_NAME=0 _=/usr/bin/env /Users/eduardofelix/scout_bot_mac/.pixi/envs/default/bin/cmake --build /Users/eduardofelix/scout_bot_mac/ros_ws/build/px4_msgs -- -j8 -l8
