[  0%] Built target px4_msgs__rosidl_generator_type_description
[  0%] Built target px4_msgs__cpp
[  0%] Built target ament_cmake_python_copy_px4_msgs
running egg_info
writing px4_msgs.egg-info/PKG-INFO
writing dependency_links to px4_msgs.egg-info/dependency_links.txt
writing top-level names to px4_msgs.egg-info/top_level.txt
reading manifest file 'px4_msgs.egg-info/SOURCES.txt'
writing manifest file 'px4_msgs.egg-info/SOURCES.txt'
[  3%] Built target ament_cmake_python_build_px4_msgs_egg
[ 29%] Built target px4_msgs__rosidl_generator_c
[ 39%] Built target px4_msgs__rosidl_typesupport_c
[ 49%] Built target px4_msgs__rosidl_typesupport_introspection_c
[ 59%] Built target px4_msgs__rosidl_typesupport_cpp
[ 69%] Built target px4_msgs__rosidl_typesupport_introspection_cpp
[ 84%] Built target px4_msgs__rosidl_typesupport_fastrtps_c
[ 89%] Built target px4_msgs__rosidl_typesupport_fastrtps_cpp
[ 89%] Built target px4_msgs
[ 89%] Built target px4_msgs__py
[ 99%] Built target px4_msgs__rosidl_generator_py
[100%] Built target px4_msgs_s__rosidl_typesupport_introspection_c
[100%] Built target px4_msgs_s__rosidl_typesupport_fastrtps_c
[100%] Built target px4_msgs_s__rosidl_typesupport_c
