[2.708s] Invoking command in '/Users/eduardofelix/scout_bot_mac/ros_ws/src/scout_bot': AMENT_PREFIX_PATH=/Users/eduardofelix/scout_bot_mac/ros_ws/install/px4_msgs:${AMENT_PREFIX_PATH} CMAKE_PREFIX_PATH=/Users/eduardofelix/scout_bot_mac/ros_ws/install/px4_msgs PIXI_PROMPT=(scout_bot_mac) PYTHONPATH=/Users/eduardofelix/scout_bot_mac/ros_ws/build/scout_bot/prefix_override:/Users/eduardofelix/scout_bot_mac/.pixi/envs/default/lib/python3.12/site-packages/colcon_core/task/python/colcon_distutils_commands:/Users/eduardofelix/scout_bot_mac/ros_ws/install/scout_bot/lib/python3.12/site-packages:/Users/eduardofelix/scout_bot_mac/ros_ws/install/px4_msgs/lib/python3.12/site-packages:${PYTHONPATH} SHLVL=1 XPC_SERVICE_NAME=0 _=/usr/bin/env /Users/eduardofelix/scout_bot_mac/.pixi/envs/default/bin/python3.12 -W ignore:setup.py install is deprecated -W ignore:easy_install command is deprecated setup.py egg_info --egg-base ../../build/scout_bot build --build-base /Users/eduardofelix/scout_bot_mac/ros_ws/build/scout_bot/build install --record /Users/eduardofelix/scout_bot_mac/ros_ws/build/scout_bot/install.log --single-version-externally-managed install_data
[3.739s] running egg_info
[3.772s] writing ../../build/scout_bot/scout_bot.egg-info/PKG-INFO
[3.774s] writing dependency_links to ../../build/scout_bot/scout_bot.egg-info/dependency_links.txt
[3.774s] writing requirements to ../../build/scout_bot/scout_bot.egg-info/requires.txt
[3.774s] writing top-level names to ../../build/scout_bot/scout_bot.egg-info/top_level.txt
[3.833s] reading manifest file '../../build/scout_bot/scout_bot.egg-info/SOURCES.txt'
[3.837s] writing manifest file '../../build/scout_bot/scout_bot.egg-info/SOURCES.txt'
[3.837s] running build
[3.838s] running build_py
[3.838s] copying scout_bot/__init__.py -> /Users/eduardofelix/scout_bot_mac/ros_ws/build/scout_bot/build/lib/scout_bot
[3.839s] copying scout_bot/offboard_control.py -> /Users/eduardofelix/scout_bot_mac/ros_ws/build/scout_bot/build/lib/scout_bot
[3.840s] running install
[3.849s] running install_lib
[3.890s] running install_data
[3.890s] copying resource/scout_bot -> /Users/eduardofelix/scout_bot_mac/ros_ws/install/scout_bot/share/ament_index/resource_index/packages
[3.895s] copying package.xml -> /Users/eduardofelix/scout_bot_mac/ros_ws/install/scout_bot/share/scout_bot
[3.895s] running install_egg_info
[3.915s] removing '/Users/eduardofelix/scout_bot_mac/ros_ws/install/scout_bot/lib/python3.12/site-packages/scout_bot-0.0.0-py3.12.egg-info' (and everything under it)
[3.916s] Copying ../../build/scout_bot/scout_bot.egg-info to /Users/eduardofelix/scout_bot_mac/ros_ws/install/scout_bot/lib/python3.12/site-packages/scout_bot-0.0.0-py3.12.egg-info
[3.921s] running install_scripts
[4.061s] writing list of installed files to '/Users/eduardofelix/scout_bot_mac/ros_ws/build/scout_bot/install.log'
