[0.484s] [34mcolcon[0m [1;30mDEBUG[0m [32mCommand line arguments: ['/Users/eduardofelix/scout_bot_mac/.pixi/envs/default/bin/colcon', 'build', '--parallel-workers', '2', '--cmake-args', '-DCMAKE_FIND_FRAMEWORK=LAST', '-DCMAKE_SYSTEM_IGNORE_PATH=/opt/homebrew', '-DCMAKE_IGNORE_PATH=/opt/homebrew', '-DPython3_EXECUTABLE=/Users/eduardofelix/scout_bot_mac/.pixi/envs/default/bin/python3'][0m
[0.484s] [34mcolcon[0m [1;30mDEBUG[0m [32mParsed command line arguments: Namespace(log_base=None, log_level=None, verb_name='build', build_base='build', install_base='install', merge_install=False, symlink_install=False, test_result_base=None, continue_on_error=False, executor='parallel', parallel_workers=2, event_handlers=None, ignore_user_meta=False, metas=['./colcon.meta'], base_paths=['.'], packages_ignore=None, packages_ignore_regex=None, paths=None, packages_up_to=None, packages_up_to_regex=None, packages_above=None, packages_above_and_dependencies=None, packages_above_depth=None, packages_select_by_dep=None, packages_skip_by_dep=None, packages_skip_up_to=None, packages_select_build_failed=False, packages_skip_build_finished=False, packages_select_test_failures=False, packages_skip_test_passed=False, packages_select=None, packages_skip=None, packages_select_regex=None, packages_skip_regex=None, packages_start=None, packages_end=None, cmake_args=['-DCMAKE_FIND_FRAMEWORK=LAST', '-DCMAKE_SYSTEM_IGNORE_PATH=/opt/homebrew', '-DCMAKE_IGNORE_PATH=/opt/homebrew', '-DPython3_EXECUTABLE=/Users/eduardofelix/scout_bot_mac/.pixi/envs/default/bin/python3'], cmake_target=None, cmake_target_skip_unavailable=False, cmake_clean_cache=False, cmake_clean_first=False, cmake_force_configure=False, ament_cmake_args=None, catkin_cmake_args=None, catkin_skip_building_tests=False, verb_parser=<colcon_defaults.argument_parser.defaults.DefaultArgumentsDecorator object at 0x1039175f0>, verb_extension=<colcon_core.verb.build.BuildVerb object at 0x10366f110>, main=<bound method BuildVerb.main of <colcon_core.verb.build.BuildVerb object at 0x10366f110>>)[0m
[0.594s] [34mcolcon.colcon_core.package_discovery[0m [1;30mLevel 1[0m discover_packages(colcon_meta) check parameters
[0.594s] [34mcolcon.colcon_core.package_discovery[0m [1;30mLevel 1[0m discover_packages(recursive) check parameters
[0.594s] [34mcolcon.colcon_core.package_discovery[0m [1;30mLevel 1[0m discover_packages(ignore) check parameters
[0.594s] [34mcolcon.colcon_core.package_discovery[0m [1;30mLevel 1[0m discover_packages(path) check parameters
[0.594s] [34mcolcon.colcon_core.package_discovery[0m [1;30mLevel 1[0m discover_packages(colcon_meta) discover
[0.595s] [34mcolcon.colcon_core.package_discovery[0m [1;30mLevel 1[0m discover_packages(recursive) discover
[0.595s] [34mcolcon.colcon_core.package_discovery[0m [1;30mINFO[0m Crawling recursively for packages in '/Users/eduardofelix/scout_bot_mac/ros_ws'
[0.595s] [34mcolcon.colcon_core.package_identification[0m [1;30mLevel 1[0m _identify(.) by extensions ['ignore', 'ignore_ament_install']
[0.595s] [34mcolcon.colcon_core.package_identification[0m [1;30mLevel 1[0m _identify(.) by extension 'ignore'
[0.595s] [34mcolcon.colcon_core.package_identification[0m [1;30mLevel 1[0m _identify(.) by extension 'ignore_ament_install'
[0.595s] [34mcolcon.colcon_core.package_identification[0m [1;30mLevel 1[0m _identify(.) by extensions ['colcon_pkg']
[0.595s] [34mcolcon.colcon_core.package_identification[0m [1;30mLevel 1[0m _identify(.) by extension 'colcon_pkg'
[0.595s] [34mcolcon.colcon_core.package_identification[0m [1;30mLevel 1[0m _identify(.) by extensions ['colcon_meta']
[0.595s] [34mcolcon.colcon_core.package_identification[0m [1;30mLevel 1[0m _identify(.) by extension 'colcon_meta'
[0.596s] [34mcolcon.colcon_core.package_identification[0m [1;30mLevel 1[0m _identify(.) by extensions ['ros']
[0.596s] [34mcolcon.colcon_core.package_identification[0m [1;30mLevel 1[0m _identify(.) by extension 'ros'
[0.668s] [34mcolcon.colcon_core.package_identification[0m [1;30mLevel 1[0m _identify(.) by extensions ['cmake', 'python']
[0.668s] [34mcolcon.colcon_core.package_identification[0m [1;30mLevel 1[0m _identify(.) by extension 'cmake'
[0.668s] [34mcolcon.colcon_core.package_identification[0m [1;30mLevel 1[0m _identify(.) by extension 'python'
[0.669s] [34mcolcon.colcon_core.package_identification[0m [1;30mLevel 1[0m _identify(.) by extensions ['python_setup_py']
[0.669s] [34mcolcon.colcon_core.package_identification[0m [1;30mLevel 1[0m _identify(.) by extension 'python_setup_py'
[0.669s] [34mcolcon.colcon_core.package_identification[0m [1;30mLevel 1[0m _identify(build) by extensions ['ignore', 'ignore_ament_install']
[0.669s] [34mcolcon.colcon_core.package_identification[0m [1;30mLevel 1[0m _identify(build) by extension 'ignore'
[0.669s] [34mcolcon.colcon_core.package_identification[0m [1;30mLevel 1[0m _identify(build) ignored
[0.670s] [34mcolcon.colcon_core.package_identification[0m [1;30mLevel 1[0m _identify(install) by extensions ['ignore', 'ignore_ament_install']
[0.670s] [34mcolcon.colcon_core.package_identification[0m [1;30mLevel 1[0m _identify(install) by extension 'ignore'
[0.670s] [34mcolcon.colcon_core.package_identification[0m [1;30mLevel 1[0m _identify(install) ignored
[0.670s] [34mcolcon.colcon_core.package_identification[0m [1;30mLevel 1[0m _identify(log) by extensions ['ignore', 'ignore_ament_install']
[0.671s] [34mcolcon.colcon_core.package_identification[0m [1;30mLevel 1[0m _identify(log) by extension 'ignore'
[0.671s] [34mcolcon.colcon_core.package_identification[0m [1;30mLevel 1[0m _identify(log) ignored
[0.671s] [34mcolcon.colcon_core.package_identification[0m [1;30mLevel 1[0m _identify(src) by extensions ['ignore', 'ignore_ament_install']
[0.671s] [34mcolcon.colcon_core.package_identification[0m [1;30mLevel 1[0m _identify(src) by extension 'ignore'
[0.671s] [34mcolcon.colcon_core.package_identification[0m [1;30mLevel 1[0m _identify(src) by extension 'ignore_ament_install'
[0.671s] [34mcolcon.colcon_core.package_identification[0m [1;30mLevel 1[0m _identify(src) by extensions ['colcon_pkg']
[0.671s] [34mcolcon.colcon_core.package_identification[0m [1;30mLevel 1[0m _identify(src) by extension 'colcon_pkg'
[0.671s] [34mcolcon.colcon_core.package_identification[0m [1;30mLevel 1[0m _identify(src) by extensions ['colcon_meta']
[0.671s] [34mcolcon.colcon_core.package_identification[0m [1;30mLevel 1[0m _identify(src) by extension 'colcon_meta'
[0.671s] [34mcolcon.colcon_core.package_identification[0m [1;30mLevel 1[0m _identify(src) by extensions ['ros']
[0.671s] [34mcolcon.colcon_core.package_identification[0m [1;30mLevel 1[0m _identify(src) by extension 'ros'
[0.671s] [34mcolcon.colcon_core.package_identification[0m [1;30mLevel 1[0m _identify(src) by extensions ['cmake', 'python']
[0.671s] [34mcolcon.colcon_core.package_identification[0m [1;30mLevel 1[0m _identify(src) by extension 'cmake'
[0.672s] [34mcolcon.colcon_core.package_identification[0m [1;30mLevel 1[0m _identify(src) by extension 'python'
[0.672s] [34mcolcon.colcon_core.package_identification[0m [1;30mLevel 1[0m _identify(src) by extensions ['python_setup_py']
[0.672s] [34mcolcon.colcon_core.package_identification[0m [1;30mLevel 1[0m _identify(src) by extension 'python_setup_py'
[0.672s] [34mcolcon.colcon_core.package_identification[0m [1;30mLevel 1[0m _identify(src/px4_msgs) by extensions ['ignore', 'ignore_ament_install']
[0.672s] [34mcolcon.colcon_core.package_identification[0m [1;30mLevel 1[0m _identify(src/px4_msgs) by extension 'ignore'
[0.672s] [34mcolcon.colcon_core.package_identification[0m [1;30mLevel 1[0m _identify(src/px4_msgs) by extension 'ignore_ament_install'
[0.672s] [34mcolcon.colcon_core.package_identification[0m [1;30mLevel 1[0m _identify(src/px4_msgs) by extensions ['colcon_pkg']
[0.672s] [34mcolcon.colcon_core.package_identification[0m [1;30mLevel 1[0m _identify(src/px4_msgs) by extension 'colcon_pkg'
[0.672s] [34mcolcon.colcon_core.package_identification[0m [1;30mLevel 1[0m _identify(src/px4_msgs) by extensions ['colcon_meta']
[0.672s] [34mcolcon.colcon_core.package_identification[0m [1;30mLevel 1[0m _identify(src/px4_msgs) by extension 'colcon_meta'
[0.673s] [34mcolcon.colcon_core.package_identification[0m [1;30mLevel 1[0m _identify(src/px4_msgs) by extensions ['ros']
[0.673s] [34mcolcon.colcon_core.package_identification[0m [1;30mLevel 1[0m _identify(src/px4_msgs) by extension 'ros'
[0.679s] [34mcolcon.colcon_core.package_identification[0m [1;30mDEBUG[0m [32mPackage 'src/px4_msgs' with type 'ros.ament_cmake' and name 'px4_msgs'[0m
[0.680s] [34mcolcon.colcon_core.package_identification[0m [1;30mLevel 1[0m _identify(src/scout_bot) by extensions ['ignore', 'ignore_ament_install']
[0.680s] [34mcolcon.colcon_core.package_identification[0m [1;30mLevel 1[0m _identify(src/scout_bot) by extension 'ignore'
[0.680s] [34mcolcon.colcon_core.package_identification[0m [1;30mLevel 1[0m _identify(src/scout_bot) by extension 'ignore_ament_install'
[0.680s] [34mcolcon.colcon_core.package_identification[0m [1;30mLevel 1[0m _identify(src/scout_bot) by extensions ['colcon_pkg']
[0.680s] [34mcolcon.colcon_core.package_identification[0m [1;30mLevel 1[0m _identify(src/scout_bot) by extension 'colcon_pkg'
[0.680s] [34mcolcon.colcon_core.package_identification[0m [1;30mLevel 1[0m _identify(src/scout_bot) by extensions ['colcon_meta']
[0.680s] [34mcolcon.colcon_core.package_identification[0m [1;30mLevel 1[0m _identify(src/scout_bot) by extension 'colcon_meta'
[0.680s] [34mcolcon.colcon_core.package_identification[0m [1;30mLevel 1[0m _identify(src/scout_bot) by extensions ['ros']
[0.680s] [34mcolcon.colcon_core.package_identification[0m [1;30mLevel 1[0m _identify(src/scout_bot) by extension 'ros'
[0.682s] [34mcolcon.colcon_core.package_identification[0m [1;30mDEBUG[0m [32mPackage 'src/scout_bot' with type 'ros.ament_python' and name 'scout_bot'[0m
[0.682s] [34mcolcon.colcon_core.package_discovery[0m [1;30mLevel 1[0m discover_packages(recursive) using defaults
[0.682s] [34mcolcon.colcon_core.package_discovery[0m [1;30mLevel 1[0m discover_packages(ignore) discover
[0.682s] [34mcolcon.colcon_core.package_discovery[0m [1;30mLevel 1[0m discover_packages(ignore) using defaults
[0.682s] [34mcolcon.colcon_core.package_discovery[0m [1;30mLevel 1[0m discover_packages(path) discover
[0.682s] [34mcolcon.colcon_core.package_discovery[0m [1;30mLevel 1[0m discover_packages(path) using defaults
[0.715s] [34mcolcon.colcon_core.verb[0m [1;30mLevel 5[0m set package 'px4_msgs' build argument 'cmake_args' from command line to '['-DCMAKE_FIND_FRAMEWORK=LAST', '-DCMAKE_SYSTEM_IGNORE_PATH=/opt/homebrew', '-DCMAKE_IGNORE_PATH=/opt/homebrew', '-DPython3_EXECUTABLE=/Users/eduardofelix/scout_bot_mac/.pixi/envs/default/bin/python3']'
[0.715s] [34mcolcon.colcon_core.verb[0m [1;30mLevel 5[0m set package 'px4_msgs' build argument 'cmake_target' from command line to 'None'
[0.715s] [34mcolcon.colcon_core.verb[0m [1;30mLevel 5[0m set package 'px4_msgs' build argument 'cmake_target_skip_unavailable' from command line to 'False'
[0.715s] [34mcolcon.colcon_core.verb[0m [1;30mLevel 5[0m set package 'px4_msgs' build argument 'cmake_clean_cache' from command line to 'False'
[0.715s] [34mcolcon.colcon_core.verb[0m [1;30mLevel 5[0m set package 'px4_msgs' build argument 'cmake_clean_first' from command line to 'False'
[0.715s] [34mcolcon.colcon_core.verb[0m [1;30mLevel 5[0m set package 'px4_msgs' build argument 'cmake_force_configure' from command line to 'False'
[0.715s] [34mcolcon.colcon_core.verb[0m [1;30mLevel 5[0m set package 'px4_msgs' build argument 'ament_cmake_args' from command line to 'None'
[0.715s] [34mcolcon.colcon_core.verb[0m [1;30mLevel 5[0m set package 'px4_msgs' build argument 'catkin_cmake_args' from command line to 'None'
[0.715s] [34mcolcon.colcon_core.verb[0m [1;30mLevel 5[0m set package 'px4_msgs' build argument 'catkin_skip_building_tests' from command line to 'False'
[0.715s] [34mcolcon.colcon_core.verb[0m [1;30mDEBUG[0m [32mBuilding package 'px4_msgs' with the following arguments: {'ament_cmake_args': None, 'build_base': '/Users/eduardofelix/scout_bot_mac/ros_ws/build/px4_msgs', 'catkin_cmake_args': None, 'catkin_skip_building_tests': False, 'cmake_args': ['-DCMAKE_FIND_FRAMEWORK=LAST', '-DCMAKE_SYSTEM_IGNORE_PATH=/opt/homebrew', '-DCMAKE_IGNORE_PATH=/opt/homebrew', '-DPython3_EXECUTABLE=/Users/eduardofelix/scout_bot_mac/.pixi/envs/default/bin/python3'], 'cmake_clean_cache': False, 'cmake_clean_first': False, 'cmake_force_configure': False, 'cmake_target': None, 'cmake_target_skip_unavailable': False, 'install_base': '/Users/eduardofelix/scout_bot_mac/ros_ws/install/px4_msgs', 'merge_install': False, 'path': '/Users/eduardofelix/scout_bot_mac/ros_ws/src/px4_msgs', 'symlink_install': False, 'test_result_base': None}[0m
[0.716s] [34mcolcon.colcon_core.verb[0m [1;30mLevel 5[0m set package 'scout_bot' build argument 'cmake_args' from command line to '['-DCMAKE_FIND_FRAMEWORK=LAST', '-DCMAKE_SYSTEM_IGNORE_PATH=/opt/homebrew', '-DCMAKE_IGNORE_PATH=/opt/homebrew', '-DPython3_EXECUTABLE=/Users/eduardofelix/scout_bot_mac/.pixi/envs/default/bin/python3']'
[0.716s] [34mcolcon.colcon_core.verb[0m [1;30mLevel 5[0m set package 'scout_bot' build argument 'cmake_target' from command line to 'None'
[0.716s] [34mcolcon.colcon_core.verb[0m [1;30mLevel 5[0m set package 'scout_bot' build argument 'cmake_target_skip_unavailable' from command line to 'False'
[0.716s] [34mcolcon.colcon_core.verb[0m [1;30mLevel 5[0m set package 'scout_bot' build argument 'cmake_clean_cache' from command line to 'False'
[0.716s] [34mcolcon.colcon_core.verb[0m [1;30mLevel 5[0m set package 'scout_bot' build argument 'cmake_clean_first' from command line to 'False'
[0.716s] [34mcolcon.colcon_core.verb[0m [1;30mLevel 5[0m set package 'scout_bot' build argument 'cmake_force_configure' from command line to 'False'
[0.716s] [34mcolcon.colcon_core.verb[0m [1;30mLevel 5[0m set package 'scout_bot' build argument 'ament_cmake_args' from command line to 'None'
[0.716s] [34mcolcon.colcon_core.verb[0m [1;30mLevel 5[0m set package 'scout_bot' build argument 'catkin_cmake_args' from command line to 'None'
[0.716s] [34mcolcon.colcon_core.verb[0m [1;30mLevel 5[0m set package 'scout_bot' build argument 'catkin_skip_building_tests' from command line to 'False'
[0.716s] [34mcolcon.colcon_core.verb[0m [1;30mDEBUG[0m [32mBuilding package 'scout_bot' with the following arguments: {'ament_cmake_args': None, 'build_base': '/Users/eduardofelix/scout_bot_mac/ros_ws/build/scout_bot', 'catkin_cmake_args': None, 'catkin_skip_building_tests': False, 'cmake_args': ['-DCMAKE_FIND_FRAMEWORK=LAST', '-DCMAKE_SYSTEM_IGNORE_PATH=/opt/homebrew', '-DCMAKE_IGNORE_PATH=/opt/homebrew', '-DPython3_EXECUTABLE=/Users/eduardofelix/scout_bot_mac/.pixi/envs/default/bin/python3'], 'cmake_clean_cache': False, 'cmake_clean_first': False, 'cmake_force_configure': False, 'cmake_target': None, 'cmake_target_skip_unavailable': False, 'install_base': '/Users/eduardofelix/scout_bot_mac/ros_ws/install/scout_bot', 'merge_install': False, 'path': '/Users/eduardofelix/scout_bot_mac/ros_ws/src/scout_bot', 'symlink_install': False, 'test_result_base': None}[0m
[0.716s] [34mcolcon.colcon_core.executor[0m [1;30mINFO[0m Executing jobs using 'parallel' executor
[0.717s] [34mcolcon.colcon_parallel_executor.executor.parallel[0m [1;30mDEBUG[0m [32mrun_until_complete[0m
[0.717s] [34mcolcon.colcon_ros.task.ament_cmake.build[0m [1;30mINFO[0m Building ROS package in '/Users/eduardofelix/scout_bot_mac/ros_ws/src/px4_msgs' with build type 'ament_cmake'
[0.717s] [34mcolcon.colcon_cmake.task.cmake.build[0m [1;30mINFO[0m Building CMake package in '/Users/eduardofelix/scout_bot_mac/ros_ws/src/px4_msgs'
[0.725s] [34mcolcon.colcon_core.plugin_system[0m [1;30mINFO[0m Skipping extension 'colcon_core.shell.bat': Not used on non-Windows systems
[0.725s] [34mcolcon.colcon_core.shell[0m [1;30mINFO[0m Skip shell extension 'powershell' for command environment: Not usable outside of PowerShell
[0.725s] [34mcolcon.colcon_core.shell[0m [1;30mDEBUG[0m [32mSkip shell extension 'dsv' for command environment[0m
[0.779s] [34mcolcon.colcon_core.event_handler.log_command[0m [1;30mDEBUG[0m [32mInvoking command in '/Users/eduardofelix/scout_bot_mac/ros_ws/build/px4_msgs': CMAKE_PREFIX_PATH=/Users/eduardofelix/scout_bot_mac/.pixi/envs/default PIXI_PROMPT=(scout_bot_mac) SHLVL=1 XPC_SERVICE_NAME=0 _=/usr/bin/env /Users/eduardofelix/scout_bot_mac/.pixi/envs/default/bin/cmake --build /Users/eduardofelix/scout_bot_mac/ros_ws/build/px4_msgs -- -j8 -l8[0m
[1510.148s] [34mcolcon.colcon_core.event_handler.log_command[0m [1;30mDEBUG[0m [32mInvoked command in '/Users/eduardofelix/scout_bot_mac/ros_ws/build/px4_msgs' returned '0': CMAKE_PREFIX_PATH=/Users/eduardofelix/scout_bot_mac/.pixi/envs/default PIXI_PROMPT=(scout_bot_mac) SHLVL=1 XPC_SERVICE_NAME=0 _=/usr/bin/env /Users/eduardofelix/scout_bot_mac/.pixi/envs/default/bin/cmake --build /Users/eduardofelix/scout_bot_mac/ros_ws/build/px4_msgs -- -j8 -l8[0m
[1510.208s] [34mcolcon.colcon_core.event_handler.log_command[0m [1;30mDEBUG[0m [32mInvoking command in '/Users/eduardofelix/scout_bot_mac/ros_ws/build/px4_msgs': CMAKE_PREFIX_PATH=/Users/eduardofelix/scout_bot_mac/.pixi/envs/default PIXI_PROMPT=(scout_bot_mac) SHLVL=1 XPC_SERVICE_NAME=0 _=/usr/bin/env /Users/eduardofelix/scout_bot_mac/.pixi/envs/default/bin/cmake --install /Users/eduardofelix/scout_bot_mac/ros_ws/build/px4_msgs[0m
[1514.201s] [34mcolcon.colcon_core.environment[0m [1;30mLevel 1[0m create_environment_scripts_only(px4_msgs)
[1514.202s] [34mcolcon.colcon_core.event_handler.log_command[0m [1;30mDEBUG[0m [32mInvoked command in '/Users/eduardofelix/scout_bot_mac/ros_ws/build/px4_msgs' returned '0': CMAKE_PREFIX_PATH=/Users/eduardofelix/scout_bot_mac/.pixi/envs/default PIXI_PROMPT=(scout_bot_mac) SHLVL=1 XPC_SERVICE_NAME=0 _=/usr/bin/env /Users/eduardofelix/scout_bot_mac/.pixi/envs/default/bin/cmake --install /Users/eduardofelix/scout_bot_mac/ros_ws/build/px4_msgs[0m
[1514.212s] [34mcolcon.colcon_core.environment[0m [1;30mLevel 1[0m checking '/Users/eduardofelix/scout_bot_mac/ros_ws/install/px4_msgs' for CMake module files
[1514.215s] [34mcolcon.colcon_core.environment[0m [1;30mLevel 1[0m checking '/Users/eduardofelix/scout_bot_mac/ros_ws/install/px4_msgs' for CMake config files
[1514.223s] [34mcolcon.colcon_core.shell[0m [1;30mLevel 1[0m create_environment_hook('px4_msgs', 'cmake_prefix_path')
[1514.225s] [34mcolcon.colcon_core.shell[0m [1;30mINFO[0m Creating environment hook '/Users/eduardofelix/scout_bot_mac/ros_ws/install/px4_msgs/share/px4_msgs/hook/cmake_prefix_path.ps1'
[1514.230s] [34mcolcon.colcon_core.shell[0m [1;30mINFO[0m Creating environment descriptor '/Users/eduardofelix/scout_bot_mac/ros_ws/install/px4_msgs/share/px4_msgs/hook/cmake_prefix_path.dsv'
[1514.231s] [34mcolcon.colcon_core.shell[0m [1;30mINFO[0m Creating environment hook '/Users/eduardofelix/scout_bot_mac/ros_ws/install/px4_msgs/share/px4_msgs/hook/cmake_prefix_path.sh'
[1514.232s] [34mcolcon.colcon_core.environment[0m [1;30mLevel 1[0m checking '/Users/eduardofelix/scout_bot_mac/ros_ws/install/px4_msgs/lib'
[1514.232s] [34mcolcon.colcon_core.shell[0m [1;30mLevel 1[0m create_environment_hook('px4_msgs', 'dyld_library_path')
[1514.232s] [34mcolcon.colcon_core.shell[0m [1;30mINFO[0m Creating environment hook '/Users/eduardofelix/scout_bot_mac/ros_ws/install/px4_msgs/share/px4_msgs/hook/dyld_library_path.ps1'
[1514.233s] [34mcolcon.colcon_core.shell[0m [1;30mINFO[0m Creating environment descriptor '/Users/eduardofelix/scout_bot_mac/ros_ws/install/px4_msgs/share/px4_msgs/hook/dyld_library_path.dsv'
[1514.234s] [34mcolcon.colcon_core.shell[0m [1;30mINFO[0m Creating environment hook '/Users/eduardofelix/scout_bot_mac/ros_ws/install/px4_msgs/share/px4_msgs/hook/dyld_library_path.sh'
[1514.235s] [34mcolcon.colcon_core.environment[0m [1;30mLevel 1[0m checking '/Users/eduardofelix/scout_bot_mac/ros_ws/install/px4_msgs/bin'
[1514.235s] [34mcolcon.colcon_core.environment[0m [1;30mLevel 1[0m checking '/Users/eduardofelix/scout_bot_mac/ros_ws/install/px4_msgs/lib/pkgconfig/px4_msgs.pc'
[1514.239s] [34mcolcon.colcon_core.environment[0m [1;30mLevel 1[0m checking '/Users/eduardofelix/scout_bot_mac/ros_ws/install/px4_msgs/lib/python3.12/site-packages'
[1514.239s] [34mcolcon.colcon_core.shell[0m [1;30mLevel 1[0m create_environment_hook('px4_msgs', 'pythonpath')
[1514.239s] [34mcolcon.colcon_core.shell[0m [1;30mINFO[0m Creating environment hook '/Users/eduardofelix/scout_bot_mac/ros_ws/install/px4_msgs/share/px4_msgs/hook/pythonpath.ps1'
[1514.240s] [34mcolcon.colcon_core.shell[0m [1;30mINFO[0m Creating environment descriptor '/Users/eduardofelix/scout_bot_mac/ros_ws/install/px4_msgs/share/px4_msgs/hook/pythonpath.dsv'
[1514.240s] [34mcolcon.colcon_core.shell[0m [1;30mINFO[0m Creating environment hook '/Users/eduardofelix/scout_bot_mac/ros_ws/install/px4_msgs/share/px4_msgs/hook/pythonpath.sh'
[1514.241s] [34mcolcon.colcon_core.environment[0m [1;30mLevel 1[0m checking '/Users/eduardofelix/scout_bot_mac/ros_ws/install/px4_msgs/bin'
[1514.241s] [34mcolcon.colcon_core.shell[0m [1;30mINFO[0m Creating package script '/Users/eduardofelix/scout_bot_mac/ros_ws/install/px4_msgs/share/px4_msgs/package.ps1'
[1514.243s] [34mcolcon.colcon_core.shell[0m [1;30mINFO[0m Creating package descriptor '/Users/eduardofelix/scout_bot_mac/ros_ws/install/px4_msgs/share/px4_msgs/package.dsv'
[1514.244s] [34mcolcon.colcon_core.shell[0m [1;30mINFO[0m Creating package script '/Users/eduardofelix/scout_bot_mac/ros_ws/install/px4_msgs/share/px4_msgs/package.sh'
[1514.245s] [34mcolcon.colcon_core.shell[0m [1;30mINFO[0m Creating package script '/Users/eduardofelix/scout_bot_mac/ros_ws/install/px4_msgs/share/px4_msgs/package.bash'
[1514.246s] [34mcolcon.colcon_core.shell[0m [1;30mINFO[0m Creating package script '/Users/eduardofelix/scout_bot_mac/ros_ws/install/px4_msgs/share/px4_msgs/package.zsh'
[1514.247s] [34mcolcon.colcon_core.environment[0m [1;30mLevel 1[0m create_file_with_runtime_dependencies(/Users/eduardofelix/scout_bot_mac/ros_ws/install/px4_msgs/share/colcon-core/packages/px4_msgs)
[1514.248s] [34mcolcon.colcon_core.environment[0m [1;30mLevel 1[0m create_environment_scripts_only(px4_msgs)
[1514.248s] [34mcolcon.colcon_core.environment[0m [1;30mLevel 1[0m checking '/Users/eduardofelix/scout_bot_mac/ros_ws/install/px4_msgs' for CMake module files
[1514.249s] [34mcolcon.colcon_core.environment[0m [1;30mLevel 1[0m checking '/Users/eduardofelix/scout_bot_mac/ros_ws/install/px4_msgs' for CMake config files
[1514.258s] [34mcolcon.colcon_core.shell[0m [1;30mLevel 1[0m create_environment_hook('px4_msgs', 'cmake_prefix_path')
[1514.258s] [34mcolcon.colcon_core.shell[0m [1;30mINFO[0m Creating environment hook '/Users/eduardofelix/scout_bot_mac/ros_ws/install/px4_msgs/share/px4_msgs/hook/cmake_prefix_path.ps1'
[1514.258s] [34mcolcon.colcon_core.shell[0m [1;30mINFO[0m Creating environment descriptor '/Users/eduardofelix/scout_bot_mac/ros_ws/install/px4_msgs/share/px4_msgs/hook/cmake_prefix_path.dsv'
[1514.259s] [34mcolcon.colcon_core.shell[0m [1;30mINFO[0m Creating environment hook '/Users/eduardofelix/scout_bot_mac/ros_ws/install/px4_msgs/share/px4_msgs/hook/cmake_prefix_path.sh'
[1514.259s] [34mcolcon.colcon_core.environment[0m [1;30mLevel 1[0m checking '/Users/eduardofelix/scout_bot_mac/ros_ws/install/px4_msgs/lib'
[1514.259s] [34mcolcon.colcon_core.shell[0m [1;30mLevel 1[0m create_environment_hook('px4_msgs', 'dyld_library_path')
[1514.259s] [34mcolcon.colcon_core.shell[0m [1;30mINFO[0m Creating environment hook '/Users/eduardofelix/scout_bot_mac/ros_ws/install/px4_msgs/share/px4_msgs/hook/dyld_library_path.ps1'
[1514.260s] [34mcolcon.colcon_core.shell[0m [1;30mINFO[0m Creating environment descriptor '/Users/eduardofelix/scout_bot_mac/ros_ws/install/px4_msgs/share/px4_msgs/hook/dyld_library_path.dsv'
[1514.260s] [34mcolcon.colcon_core.shell[0m [1;30mINFO[0m Creating environment hook '/Users/eduardofelix/scout_bot_mac/ros_ws/install/px4_msgs/share/px4_msgs/hook/dyld_library_path.sh'
[1514.260s] [34mcolcon.colcon_core.environment[0m [1;30mLevel 1[0m checking '/Users/eduardofelix/scout_bot_mac/ros_ws/install/px4_msgs/bin'
[1514.260s] [34mcolcon.colcon_core.environment[0m [1;30mLevel 1[0m checking '/Users/eduardofelix/scout_bot_mac/ros_ws/install/px4_msgs/lib/pkgconfig/px4_msgs.pc'
[1514.261s] [34mcolcon.colcon_core.environment[0m [1;30mLevel 1[0m checking '/Users/eduardofelix/scout_bot_mac/ros_ws/install/px4_msgs/lib/python3.12/site-packages'
[1514.261s] [34mcolcon.colcon_core.shell[0m [1;30mLevel 1[0m create_environment_hook('px4_msgs', 'pythonpath')
[1514.261s] [34mcolcon.colcon_core.shell[0m [1;30mINFO[0m Creating environment hook '/Users/eduardofelix/scout_bot_mac/ros_ws/install/px4_msgs/share/px4_msgs/hook/pythonpath.ps1'
[1514.261s] [34mcolcon.colcon_core.shell[0m [1;30mINFO[0m Creating environment descriptor '/Users/eduardofelix/scout_bot_mac/ros_ws/install/px4_msgs/share/px4_msgs/hook/pythonpath.dsv'
[1514.261s] [34mcolcon.colcon_core.shell[0m [1;30mINFO[0m Creating environment hook '/Users/eduardofelix/scout_bot_mac/ros_ws/install/px4_msgs/share/px4_msgs/hook/pythonpath.sh'
[1514.262s] [34mcolcon.colcon_core.environment[0m [1;30mLevel 1[0m checking '/Users/eduardofelix/scout_bot_mac/ros_ws/install/px4_msgs/bin'
[1514.262s] [34mcolcon.colcon_core.shell[0m [1;30mINFO[0m Creating package script '/Users/eduardofelix/scout_bot_mac/ros_ws/install/px4_msgs/share/px4_msgs/package.ps1'
[1514.263s] [34mcolcon.colcon_core.shell[0m [1;30mINFO[0m Creating package descriptor '/Users/eduardofelix/scout_bot_mac/ros_ws/install/px4_msgs/share/px4_msgs/package.dsv'
[1514.263s] [34mcolcon.colcon_core.shell[0m [1;30mINFO[0m Creating package script '/Users/eduardofelix/scout_bot_mac/ros_ws/install/px4_msgs/share/px4_msgs/package.sh'
[1514.264s] [34mcolcon.colcon_core.shell[0m [1;30mINFO[0m Creating package script '/Users/eduardofelix/scout_bot_mac/ros_ws/install/px4_msgs/share/px4_msgs/package.bash'
[1514.264s] [34mcolcon.colcon_core.shell[0m [1;30mINFO[0m Creating package script '/Users/eduardofelix/scout_bot_mac/ros_ws/install/px4_msgs/share/px4_msgs/package.zsh'
[1514.265s] [34mcolcon.colcon_core.environment[0m [1;30mLevel 1[0m create_file_with_runtime_dependencies(/Users/eduardofelix/scout_bot_mac/ros_ws/install/px4_msgs/share/colcon-core/packages/px4_msgs)
[1514.266s] [34mcolcon.colcon_ros.task.ament_python.build[0m [1;30mINFO[0m Building ROS package in '/Users/eduardofelix/scout_bot_mac/ros_ws/src/scout_bot' with build type 'ament_python'
[1514.266s] [34mcolcon.colcon_core.shell[0m [1;30mLevel 1[0m create_environment_hook('scout_bot', 'ament_prefix_path')
[1514.267s] [34mcolcon.colcon_core.shell[0m [1;30mINFO[0m Creating environment hook '/Users/eduardofelix/scout_bot_mac/ros_ws/install/scout_bot/share/scout_bot/hook/ament_prefix_path.ps1'
[1514.268s] [34mcolcon.colcon_core.shell[0m [1;30mINFO[0m Creating environment descriptor '/Users/eduardofelix/scout_bot_mac/ros_ws/install/scout_bot/share/scout_bot/hook/ament_prefix_path.dsv'
[1514.269s] [34mcolcon.colcon_core.shell[0m [1;30mINFO[0m Creating environment hook '/Users/eduardofelix/scout_bot_mac/ros_ws/install/scout_bot/share/scout_bot/hook/ament_prefix_path.sh'
[1514.270s] [34mcolcon.colcon_core.shell[0m [1;30mINFO[0m Skip shell extension 'powershell' for command environment: Not usable outside of PowerShell
[1514.270s] [34mcolcon.colcon_core.shell[0m [1;30mDEBUG[0m [32mSkip shell extension 'dsv' for command environment[0m
[1514.809s] [34mcolcon.colcon_core.task.python.build[0m [1;30mINFO[0m Building Python package in '/Users/eduardofelix/scout_bot_mac/ros_ws/src/scout_bot'
[1514.809s] [34mcolcon.colcon_core.shell[0m [1;30mINFO[0m Skip shell extension 'powershell' for command environment: Not usable outside of PowerShell
[1514.810s] [34mcolcon.colcon_core.shell[0m [1;30mDEBUG[0m [32mSkip shell extension 'dsv' for command environment[0m
[1515.698s] [34mcolcon.colcon_core.event_handler.log_command[0m [1;30mDEBUG[0m [32mInvoking command in '/Users/eduardofelix/scout_bot_mac/ros_ws/src/scout_bot': AMENT_PREFIX_PATH=/Users/eduardofelix/scout_bot_mac/ros_ws/install/px4_msgs:${AMENT_PREFIX_PATH} CMAKE_PREFIX_PATH=/Users/eduardofelix/scout_bot_mac/ros_ws/install/px4_msgs PIXI_PROMPT=(scout_bot_mac) PYTHONPATH=/Users/eduardofelix/scout_bot_mac/ros_ws/build/scout_bot/prefix_override:/Users/eduardofelix/scout_bot_mac/.pixi/envs/default/lib/python3.12/site-packages/colcon_core/task/python/colcon_distutils_commands:/Users/eduardofelix/scout_bot_mac/ros_ws/install/scout_bot/lib/python3.12/site-packages:/Users/eduardofelix/scout_bot_mac/ros_ws/install/px4_msgs/lib/python3.12/site-packages:${PYTHONPATH} SHLVL=1 XPC_SERVICE_NAME=0 _=/usr/bin/env /Users/eduardofelix/scout_bot_mac/.pixi/envs/default/bin/python3.12 -W ignore:setup.py install is deprecated -W ignore:easy_install command is deprecated setup.py egg_info --egg-base ../../build/scout_bot build --build-base /Users/eduardofelix/scout_bot_mac/ros_ws/build/scout_bot/build install --record /Users/eduardofelix/scout_bot_mac/ros_ws/build/scout_bot/install.log --single-version-externally-managed install_data[0m
[1516.214s] [34mcolcon.colcon_core.environment[0m [1;30mLevel 1[0m checking '/Users/eduardofelix/scout_bot_mac/ros_ws/install/scout_bot' for CMake module files
[1516.214s] [34mcolcon.colcon_core.event_handler.log_command[0m [1;30mDEBUG[0m [32mInvoked command in '/Users/eduardofelix/scout_bot_mac/ros_ws/src/scout_bot' returned '0': AMENT_PREFIX_PATH=/Users/eduardofelix/scout_bot_mac/ros_ws/install/px4_msgs:${AMENT_PREFIX_PATH} CMAKE_PREFIX_PATH=/Users/eduardofelix/scout_bot_mac/ros_ws/install/px4_msgs PIXI_PROMPT=(scout_bot_mac) PYTHONPATH=/Users/eduardofelix/scout_bot_mac/ros_ws/build/scout_bot/prefix_override:/Users/eduardofelix/scout_bot_mac/.pixi/envs/default/lib/python3.12/site-packages/colcon_core/task/python/colcon_distutils_commands:/Users/eduardofelix/scout_bot_mac/ros_ws/install/scout_bot/lib/python3.12/site-packages:/Users/eduardofelix/scout_bot_mac/ros_ws/install/px4_msgs/lib/python3.12/site-packages:${PYTHONPATH} SHLVL=1 XPC_SERVICE_NAME=0 _=/usr/bin/env /Users/eduardofelix/scout_bot_mac/.pixi/envs/default/bin/python3.12 -W ignore:setup.py install is deprecated -W ignore:easy_install command is deprecated setup.py egg_info --egg-base ../../build/scout_bot build --build-base /Users/eduardofelix/scout_bot_mac/ros_ws/build/scout_bot/build install --record /Users/eduardofelix/scout_bot_mac/ros_ws/build/scout_bot/install.log --single-version-externally-managed install_data[0m
[1516.214s] [34mcolcon.colcon_core.environment[0m [1;30mLevel 1[0m checking '/Users/eduardofelix/scout_bot_mac/ros_ws/install/scout_bot' for CMake config files
[1516.215s] [34mcolcon.colcon_core.environment[0m [1;30mLevel 1[0m checking '/Users/eduardofelix/scout_bot_mac/ros_ws/install/scout_bot/lib'
[1516.215s] [34mcolcon.colcon_core.environment[0m [1;30mLevel 1[0m checking '/Users/eduardofelix/scout_bot_mac/ros_ws/install/scout_bot/bin'
[1516.215s] [34mcolcon.colcon_core.environment[0m [1;30mLevel 1[0m checking '/Users/eduardofelix/scout_bot_mac/ros_ws/install/scout_bot/lib/pkgconfig/scout_bot.pc'
[1516.216s] [34mcolcon.colcon_core.environment[0m [1;30mLevel 1[0m checking '/Users/eduardofelix/scout_bot_mac/ros_ws/install/scout_bot/lib/python3.12/site-packages'
[1516.216s] [34mcolcon.colcon_core.shell[0m [1;30mLevel 1[0m create_environment_hook('scout_bot', 'pythonpath')
[1516.216s] [34mcolcon.colcon_core.shell[0m [1;30mINFO[0m Creating environment hook '/Users/eduardofelix/scout_bot_mac/ros_ws/install/scout_bot/share/scout_bot/hook/pythonpath.ps1'
[1516.217s] [34mcolcon.colcon_core.shell[0m [1;30mINFO[0m Creating environment descriptor '/Users/eduardofelix/scout_bot_mac/ros_ws/install/scout_bot/share/scout_bot/hook/pythonpath.dsv'
[1516.217s] [34mcolcon.colcon_core.shell[0m [1;30mINFO[0m Creating environment hook '/Users/eduardofelix/scout_bot_mac/ros_ws/install/scout_bot/share/scout_bot/hook/pythonpath.sh'
[1516.218s] [34mcolcon.colcon_core.environment[0m [1;30mLevel 1[0m checking '/Users/eduardofelix/scout_bot_mac/ros_ws/install/scout_bot/bin'
[1516.218s] [34mcolcon.colcon_core.environment[0m [1;30mLevel 1[0m create_environment_scripts_only(scout_bot)
[1516.218s] [34mcolcon.colcon_core.shell[0m [1;30mINFO[0m Creating package script '/Users/eduardofelix/scout_bot_mac/ros_ws/install/scout_bot/share/scout_bot/package.ps1'
[1516.236s] [34mcolcon.colcon_core.shell[0m [1;30mINFO[0m Creating package descriptor '/Users/eduardofelix/scout_bot_mac/ros_ws/install/scout_bot/share/scout_bot/package.dsv'
[1516.236s] [34mcolcon.colcon_core.shell[0m [1;30mINFO[0m Creating package script '/Users/eduardofelix/scout_bot_mac/ros_ws/install/scout_bot/share/scout_bot/package.sh'
[1516.237s] [34mcolcon.colcon_core.shell[0m [1;30mINFO[0m Creating package script '/Users/eduardofelix/scout_bot_mac/ros_ws/install/scout_bot/share/scout_bot/package.bash'
[1516.237s] [34mcolcon.colcon_core.shell[0m [1;30mINFO[0m Creating package script '/Users/eduardofelix/scout_bot_mac/ros_ws/install/scout_bot/share/scout_bot/package.zsh'
[1516.237s] [34mcolcon.colcon_core.environment[0m [1;30mLevel 1[0m create_file_with_runtime_dependencies(/Users/eduardofelix/scout_bot_mac/ros_ws/install/scout_bot/share/colcon-core/packages/scout_bot)
[1516.238s] [34mcolcon.colcon_parallel_executor.executor.parallel[0m [1;30mDEBUG[0m [32mclosing loop[0m
[1516.238s] [34mcolcon.colcon_parallel_executor.executor.parallel[0m [1;30mDEBUG[0m [32mloop closed[0m
[1516.238s] [34mcolcon.colcon_parallel_executor.executor.parallel[0m [1;30mDEBUG[0m [32mrun_until_complete finished with '0'[0m
[1516.238s] [34mcolcon.colcon_core.event_reactor[0m [1;30mDEBUG[0m [32mjoining thread[0m
[1516.239s] [34mcolcon.colcon_core.event_reactor[0m [1;30mDEBUG[0m [32mjoined thread[0m
[1516.239s] [34mcolcon.colcon_core.shell[0m [1;30mINFO[0m Creating prefix script '/Users/eduardofelix/scout_bot_mac/ros_ws/install/local_setup.ps1'
[1516.240s] [34mcolcon.colcon_core.shell[0m [1;30mINFO[0m Creating prefix util module '/Users/eduardofelix/scout_bot_mac/ros_ws/install/_local_setup_util_ps1.py'
[1516.241s] [34mcolcon.colcon_core.shell[0m [1;30mINFO[0m Creating prefix chain script '/Users/eduardofelix/scout_bot_mac/ros_ws/install/setup.ps1'
[1516.243s] [34mcolcon.colcon_core.shell[0m [1;30mINFO[0m Creating prefix script '/Users/eduardofelix/scout_bot_mac/ros_ws/install/local_setup.sh'
[1516.244s] [34mcolcon.colcon_core.shell[0m [1;30mINFO[0m Creating prefix util module '/Users/eduardofelix/scout_bot_mac/ros_ws/install/_local_setup_util_sh.py'
[1516.244s] [34mcolcon.colcon_core.shell[0m [1;30mINFO[0m Creating prefix chain script '/Users/eduardofelix/scout_bot_mac/ros_ws/install/setup.sh'
[1516.245s] [34mcolcon.colcon_core.shell[0m [1;30mINFO[0m Creating prefix script '/Users/eduardofelix/scout_bot_mac/ros_ws/install/local_setup.bash'
[1516.246s] [34mcolcon.colcon_core.shell[0m [1;30mINFO[0m Creating prefix chain script '/Users/eduardofelix/scout_bot_mac/ros_ws/install/setup.bash'
[1516.247s] [34mcolcon.colcon_core.shell[0m [1;30mINFO[0m Creating prefix script '/Users/eduardofelix/scout_bot_mac/ros_ws/install/local_setup.zsh'
[1516.248s] [34mcolcon.colcon_core.shell[0m [1;30mINFO[0m Creating prefix chain script '/Users/eduardofelix/scout_bot_mac/ros_ws/install/setup.zsh'
