[0.310s] colcon DEBUG Command line arguments: ['/Users/eduardofelix/scout_bot_mac/.pixi/envs/default/bin/colcon', 'build', '--packages-select', 'scout_bot']
[0.310s] colcon DEBUG Parsed command line arguments: Namespace(log_base=None, log_level=None, verb_name='build', build_base='build', install_base='install', merge_install=False, symlink_install=False, test_result_base=None, continue_on_error=False, executor='parallel', parallel_workers=8, event_handlers=None, ignore_user_meta=False, metas=['./colcon.meta'], base_paths=['.'], packages_ignore=None, packages_ignore_regex=None, paths=None, packages_up_to=None, packages_up_to_regex=None, packages_above=None, packages_above_and_dependencies=None, packages_above_depth=None, packages_select_by_dep=None, packages_skip_by_dep=None, packages_skip_up_to=None, packages_select_build_failed=False, packages_skip_build_finished=False, packages_select_test_failures=False, packages_skip_test_passed=False, packages_select=['scout_bot'], packages_skip=None, packages_select_regex=None, packages_skip_regex=None, packages_start=None, packages_end=None, cmake_args=None, cmake_target=None, cmake_target_skip_unavailable=False, cmake_clean_cache=False, cmake_clean_first=False, cmake_force_configure=False, ament_cmake_args=None, catkin_cmake_args=None, catkin_skip_building_tests=False, verb_parser=<colcon_defaults.argument_parser.defaults.DefaultArgumentsDecorator object at 0x103d12fc0>, verb_extension=<colcon_core.verb.build.BuildVerb object at 0x103c74290>, main=<bound method BuildVerb.main of <colcon_core.verb.build.BuildVerb object at 0x103c74290>>)
[0.379s] colcon.colcon_core.package_discovery Level 1 discover_packages(colcon_meta) check parameters
[0.379s] colcon.colcon_core.package_discovery Level 1 discover_packages(recursive) check parameters
[0.379s] colcon.colcon_core.package_discovery Level 1 discover_packages(ignore) check parameters
[0.379s] colcon.colcon_core.package_discovery Level 1 discover_packages(path) check parameters
[0.379s] colcon.colcon_core.package_discovery Level 1 discover_packages(colcon_meta) discover
[0.379s] colcon.colcon_core.package_discovery Level 1 discover_packages(recursive) discover
[0.379s] colcon.colcon_core.package_discovery INFO Crawling recursively for packages in '/Users/eduardofelix/scout_bot_mac/ros_ws'
[0.379s] colcon.colcon_core.package_identification Level 1 _identify(.) by extensions ['ignore', 'ignore_ament_install']
[0.379s] colcon.colcon_core.package_identification Level 1 _identify(.) by extension 'ignore'
[0.379s] colcon.colcon_core.package_identification Level 1 _identify(.) by extension 'ignore_ament_install'
[0.380s] colcon.colcon_core.package_identification Level 1 _identify(.) by extensions ['colcon_pkg']
[0.380s] colcon.colcon_core.package_identification Level 1 _identify(.) by extension 'colcon_pkg'
[0.380s] colcon.colcon_core.package_identification Level 1 _identify(.) by extensions ['colcon_meta']
[0.380s] colcon.colcon_core.package_identification Level 1 _identify(.) by extension 'colcon_meta'
[0.380s] colcon.colcon_core.package_identification Level 1 _identify(.) by extensions ['ros']
[0.380s] colcon.colcon_core.package_identification Level 1 _identify(.) by extension 'ros'
[0.420s] colcon.colcon_core.package_identification Level 1 _identify(.) by extensions ['cmake', 'python']
[0.420s] colcon.colcon_core.package_identification Level 1 _identify(.) by extension 'cmake'
[0.420s] colcon.colcon_core.package_identification Level 1 _identify(.) by extension 'python'
[0.420s] colcon.colcon_core.package_identification Level 1 _identify(.) by extensions ['python_setup_py']
[0.420s] colcon.colcon_core.package_identification Level 1 _identify(.) by extension 'python_setup_py'
[0.420s] colcon.colcon_core.package_identification Level 1 _identify(build) by extensions ['ignore', 'ignore_ament_install']
[0.420s] colcon.colcon_core.package_identification Level 1 _identify(build) by extension 'ignore'
[0.420s] colcon.colcon_core.package_identification Level 1 _identify(build) ignored
[0.421s] colcon.colcon_core.package_identification Level 1 _identify(install) by extensions ['ignore', 'ignore_ament_install']
[0.421s] colcon.colcon_core.package_identification Level 1 _identify(install) by extension 'ignore'
[0.421s] colcon.colcon_core.package_identification Level 1 _identify(install) ignored
[0.421s] colcon.colcon_core.package_identification Level 1 _identify(log) by extensions ['ignore', 'ignore_ament_install']
[0.421s] colcon.colcon_core.package_identification Level 1 _identify(log) by extension 'ignore'
[0.421s] colcon.colcon_core.package_identification Level 1 _identify(log) ignored
[0.421s] colcon.colcon_core.package_identification Level 1 _identify(src) by extensions ['ignore', 'ignore_ament_install']
[0.421s] colcon.colcon_core.package_identification Level 1 _identify(src) by extension 'ignore'
[0.421s] colcon.colcon_core.package_identification Level 1 _identify(src) by extension 'ignore_ament_install'
[0.421s] colcon.colcon_core.package_identification Level 1 _identify(src) by extensions ['colcon_pkg']
[0.421s] colcon.colcon_core.package_identification Level 1 _identify(src) by extension 'colcon_pkg'
[0.421s] colcon.colcon_core.package_identification Level 1 _identify(src) by extensions ['colcon_meta']
[0.421s] colcon.colcon_core.package_identification Level 1 _identify(src) by extension 'colcon_meta'
[0.421s] colcon.colcon_core.package_identification Level 1 _identify(src) by extensions ['ros']
[0.421s] colcon.colcon_core.package_identification Level 1 _identify(src) by extension 'ros'
[0.421s] colcon.colcon_core.package_identification Level 1 _identify(src) by extensions ['cmake', 'python']
[0.421s] colcon.colcon_core.package_identification Level 1 _identify(src) by extension 'cmake'
[0.421s] colcon.colcon_core.package_identification Level 1 _identify(src) by extension 'python'
[0.422s] colcon.colcon_core.package_identification Level 1 _identify(src) by extensions ['python_setup_py']
[0.422s] colcon.colcon_core.package_identification Level 1 _identify(src) by extension 'python_setup_py'
[0.422s] colcon.colcon_core.package_identification Level 1 _identify(src/Micro-XRCE-DDS-Agent) by extensions ['ignore', 'ignore_ament_install']
[0.422s] colcon.colcon_core.package_identification Level 1 _identify(src/Micro-XRCE-DDS-Agent) by extension 'ignore'
[0.422s] colcon.colcon_core.package_identification Level 1 _identify(src/Micro-XRCE-DDS-Agent) by extension 'ignore_ament_install'
[0.422s] colcon.colcon_core.package_identification Level 1 _identify(src/Micro-XRCE-DDS-Agent) by extensions ['colcon_pkg']
[0.422s] colcon.colcon_core.package_identification Level 1 _identify(src/Micro-XRCE-DDS-Agent) by extension 'colcon_pkg'
[0.423s] colcon.colcon_metadata.metadata.colcon_pkg INFO Setting type 'cmake' of package 'src/Micro-XRCE-DDS-Agent' from colcon.pkg
[0.423s] colcon.colcon_metadata.metadata.colcon_pkg INFO Setting name 'microxrcedds_agent' of package 'src/Micro-XRCE-DDS-Agent' from colcon.pkg
[0.423s] colcon.colcon_core.package_identification DEBUG Package 'src/Micro-XRCE-DDS-Agent' with type 'cmake' and name 'microxrcedds_agent'
[0.423s] colcon.colcon_core.package_identification Level 1 _identify(src/px4_msgs) by extensions ['ignore', 'ignore_ament_install']
[0.423s] colcon.colcon_core.package_identification Level 1 _identify(src/px4_msgs) by extension 'ignore'
[0.423s] colcon.colcon_core.package_identification Level 1 _identify(src/px4_msgs) by extension 'ignore_ament_install'
[0.423s] colcon.colcon_core.package_identification Level 1 _identify(src/px4_msgs) by extensions ['colcon_pkg']
[0.423s] colcon.colcon_core.package_identification Level 1 _identify(src/px4_msgs) by extension 'colcon_pkg'
[0.424s] colcon.colcon_core.package_identification Level 1 _identify(src/px4_msgs) by extensions ['colcon_meta']
[0.424s] colcon.colcon_core.package_identification Level 1 _identify(src/px4_msgs) by extension 'colcon_meta'
[0.424s] colcon.colcon_core.package_identification Level 1 _identify(src/px4_msgs) by extensions ['ros']
[0.424s] colcon.colcon_core.package_identification Level 1 _identify(src/px4_msgs) by extension 'ros'
[0.427s] colcon.colcon_core.package_identification DEBUG Package 'src/px4_msgs' with type 'ros.ament_cmake' and name 'px4_msgs'
[0.427s] colcon.colcon_core.package_identification Level 1 _identify(src/scout_bot) by extensions ['ignore', 'ignore_ament_install']
[0.427s] colcon.colcon_core.package_identification Level 1 _identify(src/scout_bot) by extension 'ignore'
[0.427s] colcon.colcon_core.package_identification Level 1 _identify(src/scout_bot) by extension 'ignore_ament_install'
[0.427s] colcon.colcon_core.package_identification Level 1 _identify(src/scout_bot) by extensions ['colcon_pkg']
[0.427s] colcon.colcon_core.package_identification Level 1 _identify(src/scout_bot) by extension 'colcon_pkg'
[0.427s] colcon.colcon_core.package_identification Level 1 _identify(src/scout_bot) by extensions ['colcon_meta']
[0.427s] colcon.colcon_core.package_identification Level 1 _identify(src/scout_bot) by extension 'colcon_meta'
[0.427s] colcon.colcon_core.package_identification Level 1 _identify(src/scout_bot) by extensions ['ros']
[0.427s] colcon.colcon_core.package_identification Level 1 _identify(src/scout_bot) by extension 'ros'
[0.428s] colcon.colcon_core.package_identification DEBUG Package 'src/scout_bot' with type 'ros.ament_python' and name 'scout_bot'
[0.428s] colcon.colcon_core.package_discovery Level 1 discover_packages(recursive) using defaults
[0.428s] colcon.colcon_core.package_discovery Level 1 discover_packages(ignore) discover
[0.428s] colcon.colcon_core.package_discovery Level 1 discover_packages(ignore) using defaults
[0.428s] colcon.colcon_core.package_discovery Level 1 discover_packages(path) discover
[0.428s] colcon.colcon_core.package_discovery Level 1 discover_packages(path) using defaults
[0.449s] colcon.colcon_metadata.metadata.colcon_pkg INFO Updating descriptor of package 'src/Micro-XRCE-DDS-Agent' from colcon.pkg: {'name': 'microxrcedds_agent', 'type': 'cmake', 'dependencies': ['fastcdr', 'fastrtps'], 'cmake-args': ['-DUAGENT_ISOLATED_INSTALL=OFF', '-DUAGENT_USE_SYSTEM_FASTCDR=ON', '-DUAGENT_USE_SYSTEM_FASTDDS=ON']}
[0.450s] colcon.colcon_core.package_selection INFO Skipping not selected package 'microxrcedds_agent' in 'src/Micro-XRCE-DDS-Agent'
[0.450s] colcon.colcon_core.package_selection INFO Skipping not selected package 'px4_msgs' in 'src/px4_msgs'
[0.450s] colcon.colcon_core.verb Level 5 set package 'scout_bot' build argument 'cmake_args' from command line to 'None'
[0.450s] colcon.colcon_core.verb Level 5 set package 'scout_bot' build argument 'cmake_target' from command line to 'None'
[0.450s] colcon.colcon_core.verb Level 5 set package 'scout_bot' build argument 'cmake_target_skip_unavailable' from command line to 'False'
[0.450s] colcon.colcon_core.verb Level 5 set package 'scout_bot' build argument 'cmake_clean_cache' from command line to 'False'
[0.450s] colcon.colcon_core.verb Level 5 set package 'scout_bot' build argument 'cmake_clean_first' from command line to 'False'
[0.450s] colcon.colcon_core.verb Level 5 set package 'scout_bot' build argument 'cmake_force_configure' from command line to 'False'
[0.450s] colcon.colcon_core.verb Level 5 set package 'scout_bot' build argument 'ament_cmake_args' from command line to 'None'
[0.450s] colcon.colcon_core.verb Level 5 set package 'scout_bot' build argument 'catkin_cmake_args' from command line to 'None'
[0.450s] colcon.colcon_core.verb Level 5 set package 'scout_bot' build argument 'catkin_skip_building_tests' from command line to 'False'
[0.450s] colcon.colcon_core.verb DEBUG Building package 'scout_bot' with the following arguments: {'ament_cmake_args': None, 'build_base': '/Users/eduardofelix/scout_bot_mac/ros_ws/build/scout_bot', 'catkin_cmake_args': None, 'catkin_skip_building_tests': False, 'cmake_args': None, 'cmake_clean_cache': False, 'cmake_clean_first': False, 'cmake_force_configure': False, 'cmake_target': None, 'cmake_target_skip_unavailable': False, 'install_base': '/Users/eduardofelix/scout_bot_mac/ros_ws/install/scout_bot', 'merge_install': False, 'path': '/Users/eduardofelix/scout_bot_mac/ros_ws/src/scout_bot', 'symlink_install': False, 'test_result_base': None}
[0.450s] colcon.colcon_core.executor INFO Executing jobs using 'parallel' executor
[0.451s] colcon.colcon_parallel_executor.executor.parallel DEBUG run_until_complete
[0.452s] colcon.colcon_ros.task.ament_python.build INFO Building ROS package in '/Users/eduardofelix/scout_bot_mac/ros_ws/src/scout_bot' with build type 'ament_python'
[0.452s] colcon.colcon_core.shell Level 1 create_environment_hook('scout_bot', 'ament_prefix_path')
[0.455s] colcon.colcon_core.plugin_system INFO Skipping extension 'colcon_core.shell.bat': Not used on non-Windows systems
[0.455s] colcon.colcon_core.shell INFO Creating environment hook '/Users/eduardofelix/scout_bot_mac/ros_ws/install/scout_bot/share/scout_bot/hook/ament_prefix_path.ps1'
[0.457s] colcon.colcon_core.shell INFO Creating environment descriptor '/Users/eduardofelix/scout_bot_mac/ros_ws/install/scout_bot/share/scout_bot/hook/ament_prefix_path.dsv'
[0.457s] colcon.colcon_core.shell INFO Creating environment hook '/Users/eduardofelix/scout_bot_mac/ros_ws/install/scout_bot/share/scout_bot/hook/ament_prefix_path.sh'
[0.459s] colcon.colcon_core.shell INFO Skip shell extension 'powershell' for command environment: Not usable outside of PowerShell
[0.459s] colcon.colcon_core.shell DEBUG Skip shell extension 'dsv' for command environment
[0.735s] colcon.colcon_core.task.python.build INFO Building Python package in '/Users/eduardofelix/scout_bot_mac/ros_ws/src/scout_bot'
[0.736s] colcon.colcon_core.shell INFO Skip shell extension 'powershell' for command environment: Not usable outside of PowerShell
[0.736s] colcon.colcon_core.shell DEBUG Skip shell extension 'dsv' for command environment
[1.372s] colcon.colcon_core.event_handler.log_command DEBUG Invoking command in '/Users/eduardofelix/scout_bot_mac/ros_ws/src/scout_bot': AMENT_PREFIX_PATH=/Users/eduardofelix/scout_bot_mac/ros_ws/install/px4_msgs:${AMENT_PREFIX_PATH} CMAKE_PREFIX_PATH=/Users/eduardofelix/scout_bot_mac/ros_ws/install/px4_msgs PIXI_PROMPT=(scout_bot_mac) PYTHONPATH=/Users/eduardofelix/scout_bot_mac/ros_ws/build/scout_bot/prefix_override:/Users/eduardofelix/scout_bot_mac/.pixi/envs/default/lib/python3.12/site-packages/colcon_core/task/python/colcon_distutils_commands:/Users/eduardofelix/scout_bot_mac/ros_ws/install/scout_bot/lib/python3.12/site-packages:/Users/eduardofelix/scout_bot_mac/ros_ws/install/px4_msgs/lib/python3.12/site-packages:${PYTHONPATH} SHLVL=2 XPC_SERVICE_NAME=0 _=/usr/bin/env /Users/eduardofelix/scout_bot_mac/.pixi/envs/default/bin/python3.12 -W ignore:setup.py install is deprecated -W ignore:easy_install command is deprecated setup.py egg_info --egg-base ../../build/scout_bot build --build-base /Users/eduardofelix/scout_bot_mac/ros_ws/build/scout_bot/build install --record /Users/eduardofelix/scout_bot_mac/ros_ws/build/scout_bot/install.log --single-version-externally-managed install_data
[1.929s] colcon.colcon_core.event_handler.log_command DEBUG Invoked command in '/Users/eduardofelix/scout_bot_mac/ros_ws/src/scout_bot' returned '0': AMENT_PREFIX_PATH=/Users/eduardofelix/scout_bot_mac/ros_ws/install/px4_msgs:${AMENT_PREFIX_PATH} CMAKE_PREFIX_PATH=/Users/eduardofelix/scout_bot_mac/ros_ws/install/px4_msgs PIXI_PROMPT=(scout_bot_mac) PYTHONPATH=/Users/eduardofelix/scout_bot_mac/ros_ws/build/scout_bot/prefix_override:/Users/eduardofelix/scout_bot_mac/.pixi/envs/default/lib/python3.12/site-packages/colcon_core/task/python/colcon_distutils_commands:/Users/eduardofelix/scout_bot_mac/ros_ws/install/scout_bot/lib/python3.12/site-packages:/Users/eduardofelix/scout_bot_mac/ros_ws/install/px4_msgs/lib/python3.12/site-packages:${PYTHONPATH} SHLVL=2 XPC_SERVICE_NAME=0 _=/usr/bin/env /Users/eduardofelix/scout_bot_mac/.pixi/envs/default/bin/python3.12 -W ignore:setup.py install is deprecated -W ignore:easy_install command is deprecated setup.py egg_info --egg-base ../../build/scout_bot build --build-base /Users/eduardofelix/scout_bot_mac/ros_ws/build/scout_bot/build install --record /Users/eduardofelix/scout_bot_mac/ros_ws/build/scout_bot/install.log --single-version-externally-managed install_data
[1.934s] colcon.colcon_core.environment Level 1 checking '/Users/eduardofelix/scout_bot_mac/ros_ws/install/scout_bot' for CMake module files
[1.935s] colcon.colcon_core.environment Level 1 checking '/Users/eduardofelix/scout_bot_mac/ros_ws/install/scout_bot' for CMake config files
[1.936s] colcon.colcon_core.environment Level 1 checking '/Users/eduardofelix/scout_bot_mac/ros_ws/install/scout_bot/lib'
[1.936s] colcon.colcon_core.environment Level 1 checking '/Users/eduardofelix/scout_bot_mac/ros_ws/install/scout_bot/bin'
[1.936s] colcon.colcon_core.environment Level 1 checking '/Users/eduardofelix/scout_bot_mac/ros_ws/install/scout_bot/lib/pkgconfig/scout_bot.pc'
[1.936s] colcon.colcon_core.environment Level 1 checking '/Users/eduardofelix/scout_bot_mac/ros_ws/install/scout_bot/lib/python3.12/site-packages'
[1.937s] colcon.colcon_core.shell Level 1 create_environment_hook('scout_bot', 'pythonpath')
[1.937s] colcon.colcon_core.shell INFO Creating environment hook '/Users/eduardofelix/scout_bot_mac/ros_ws/install/scout_bot/share/scout_bot/hook/pythonpath.ps1'
[1.938s] colcon.colcon_core.shell INFO Creating environment descriptor '/Users/eduardofelix/scout_bot_mac/ros_ws/install/scout_bot/share/scout_bot/hook/pythonpath.dsv'
[1.938s] colcon.colcon_core.shell INFO Creating environment hook '/Users/eduardofelix/scout_bot_mac/ros_ws/install/scout_bot/share/scout_bot/hook/pythonpath.sh'
[1.939s] colcon.colcon_core.environment Level 1 checking '/Users/eduardofelix/scout_bot_mac/ros_ws/install/scout_bot/bin'
[1.939s] colcon.colcon_core.environment Level 1 create_environment_scripts_only(scout_bot)
[1.939s] colcon.colcon_core.shell INFO Creating package script '/Users/eduardofelix/scout_bot_mac/ros_ws/install/scout_bot/share/scout_bot/package.ps1'
[1.941s] colcon.colcon_core.shell INFO Creating package descriptor '/Users/eduardofelix/scout_bot_mac/ros_ws/install/scout_bot/share/scout_bot/package.dsv'
[1.941s] colcon.colcon_core.shell INFO Creating package script '/Users/eduardofelix/scout_bot_mac/ros_ws/install/scout_bot/share/scout_bot/package.sh'
[1.942s] colcon.colcon_core.shell INFO Creating package script '/Users/eduardofelix/scout_bot_mac/ros_ws/install/scout_bot/share/scout_bot/package.bash'
[1.943s] colcon.colcon_core.shell INFO Creating package script '/Users/eduardofelix/scout_bot_mac/ros_ws/install/scout_bot/share/scout_bot/package.zsh'
[1.944s] colcon.colcon_core.environment Level 1 create_file_with_runtime_dependencies(/Users/eduardofelix/scout_bot_mac/ros_ws/install/scout_bot/share/colcon-core/packages/scout_bot)
[1.945s] colcon.colcon_parallel_executor.executor.parallel DEBUG closing loop
[1.945s] colcon.colcon_parallel_executor.executor.parallel DEBUG loop closed
[1.945s] colcon.colcon_parallel_executor.executor.parallel DEBUG run_until_complete finished with '0'
[1.945s] colcon.colcon_core.event_reactor DEBUG joining thread
[1.946s] colcon.colcon_core.event_reactor DEBUG joined thread
[1.946s] colcon.colcon_core.shell INFO Creating prefix script '/Users/eduardofelix/scout_bot_mac/ros_ws/install/local_setup.ps1'
[1.947s] colcon.colcon_core.shell INFO Creating prefix util module '/Users/eduardofelix/scout_bot_mac/ros_ws/install/_local_setup_util_ps1.py'
[1.948s] colcon.colcon_core.shell INFO Creating prefix chain script '/Users/eduardofelix/scout_bot_mac/ros_ws/install/setup.ps1'
[1.950s] colcon.colcon_core.shell INFO Creating prefix script '/Users/eduardofelix/scout_bot_mac/ros_ws/install/local_setup.sh'
[1.950s] colcon.colcon_core.shell INFO Creating prefix util module '/Users/eduardofelix/scout_bot_mac/ros_ws/install/_local_setup_util_sh.py'
[1.951s] colcon.colcon_core.shell INFO Creating prefix chain script '/Users/eduardofelix/scout_bot_mac/ros_ws/install/setup.sh'
[1.953s] colcon.colcon_core.shell INFO Creating prefix script '/Users/eduardofelix/scout_bot_mac/ros_ws/install/local_setup.bash'
[1.953s] colcon.colcon_core.shell INFO Creating prefix chain script '/Users/eduardofelix/scout_bot_mac/ros_ws/install/setup.bash'
[1.954s] colcon.colcon_core.shell INFO Creating prefix script '/Users/eduardofelix/scout_bot_mac/ros_ws/install/local_setup.zsh'
[1.955s] colcon.colcon_core.shell INFO Creating prefix chain script '/Users/eduardofelix/scout_bot_mac/ros_ws/install/setup.zsh'
