[0.582s] colcon DEBUG Command line arguments: ['/Users/eduardofelix/scout_bot_mac/.pixi/envs/default/bin/colcon', 'build', '--packages-select', 'microxrcedds_agent', '--cmake-args', '-Dfastcdr_ROOT=/nonexistent_path', '-DFast-CDR_ROOT=/nonexistent_path', '-DUAGENT_SUPERBUILD=ON', '-DUAGENT_USE_SYSTEM_FASTCDR=OFF', '-DUAGENT_USE_SYSTEM_FASTDDS=OFF', '-DCMAKE_BUILD_TYPE=Release']
[0.582s] colcon DEBUG Parsed command line arguments: Namespace(log_base=None, log_level=None, verb_name='build', build_base='build', install_base='install', merge_install=False, symlink_install=False, test_result_base=None, continue_on_error=False, executor='parallel', parallel_workers=8, event_handlers=None, ignore_user_meta=False, metas=['./colcon.meta'], base_paths=['.'], packages_ignore=None, packages_ignore_regex=None, paths=None, packages_up_to=None, packages_up_to_regex=None, packages_above=None, packages_above_and_dependencies=None, packages_above_depth=None, packages_select_by_dep=None, packages_skip_by_dep=None, packages_skip_up_to=None, packages_select_build_failed=False, packages_skip_build_finished=False, packages_select_test_failures=False, packages_skip_test_passed=False, packages_select=['microxrcedds_agent'], packages_skip=None, packages_select_regex=None, packages_skip_regex=None, packages_start=None, packages_end=None, cmake_args=['-Dfastcdr_ROOT=/nonexistent_path', '-DFast-CDR_ROOT=/nonexistent_path', '-DUAGENT_SUPERBUILD=ON', '-DUAGENT_USE_SYSTEM_FASTCDR=OFF', '-DUAGENT_USE_SYSTEM_FASTDDS=OFF', '-DCMAKE_BUILD_TYPE=Release'], cmake_target=None, cmake_target_skip_unavailable=False, cmake_clean_cache=False, cmake_clean_first=False, cmake_force_configure=False, ament_cmake_args=None, catkin_cmake_args=None, catkin_skip_building_tests=False, verb_parser=<colcon_defaults.argument_parser.defaults.DefaultArgumentsDecorator object at 0x1065ea9f0>, verb_extension=<colcon_core.verb.build.BuildVerb object at 0x1064fb770>, main=<bound method BuildVerb.main of <colcon_core.verb.build.BuildVerb object at 0x1064fb770>>)
[0.649s] colcon.colcon_core.package_discovery Level 1 discover_packages(colcon_meta) check parameters
[0.649s] colcon.colcon_core.package_discovery Level 1 discover_packages(recursive) check parameters
[0.649s] colcon.colcon_core.package_discovery Level 1 discover_packages(ignore) check parameters
[0.649s] colcon.colcon_core.package_discovery Level 1 discover_packages(path) check parameters
[0.649s] colcon.colcon_core.package_discovery Level 1 discover_packages(colcon_meta) discover
[0.649s] colcon.colcon_core.package_discovery Level 1 discover_packages(recursive) discover
[0.649s] colcon.colcon_core.package_discovery INFO Crawling recursively for packages in '/Users/eduardofelix/scout_bot_mac/ros_ws'
[0.649s] colcon.colcon_core.package_identification Level 1 _identify(.) by extensions ['ignore', 'ignore_ament_install']
[0.649s] colcon.colcon_core.package_identification Level 1 _identify(.) by extension 'ignore'
[0.649s] colcon.colcon_core.package_identification Level 1 _identify(.) by extension 'ignore_ament_install'
[0.649s] colcon.colcon_core.package_identification Level 1 _identify(.) by extensions ['colcon_pkg']
[0.649s] colcon.colcon_core.package_identification Level 1 _identify(.) by extension 'colcon_pkg'
[0.649s] colcon.colcon_core.package_identification Level 1 _identify(.) by extensions ['colcon_meta']
[0.649s] colcon.colcon_core.package_identification Level 1 _identify(.) by extension 'colcon_meta'
[0.650s] colcon.colcon_core.package_identification Level 1 _identify(.) by extensions ['ros']
[0.650s] colcon.colcon_core.package_identification Level 1 _identify(.) by extension 'ros'
[0.695s] colcon.colcon_core.package_identification Level 1 _identify(.) by extensions ['cmake', 'python']
[0.695s] colcon.colcon_core.package_identification Level 1 _identify(.) by extension 'cmake'
[0.696s] colcon.colcon_core.package_identification Level 1 _identify(.) by extension 'python'
[0.696s] colcon.colcon_core.package_identification Level 1 _identify(.) by extensions ['python_setup_py']
[0.696s] colcon.colcon_core.package_identification Level 1 _identify(.) by extension 'python_setup_py'
[0.696s] colcon.colcon_core.package_identification Level 1 _identify(build) by extensions ['ignore', 'ignore_ament_install']
[0.696s] colcon.colcon_core.package_identification Level 1 _identify(build) by extension 'ignore'
[0.696s] colcon.colcon_core.package_identification Level 1 _identify(build) ignored
[0.696s] colcon.colcon_core.package_identification Level 1 _identify(install) by extensions ['ignore', 'ignore_ament_install']
[0.696s] colcon.colcon_core.package_identification Level 1 _identify(install) by extension 'ignore'
[0.696s] colcon.colcon_core.package_identification Level 1 _identify(install) ignored
[0.696s] colcon.colcon_core.package_identification Level 1 _identify(log) by extensions ['ignore', 'ignore_ament_install']
[0.696s] colcon.colcon_core.package_identification Level 1 _identify(log) by extension 'ignore'
[0.696s] colcon.colcon_core.package_identification Level 1 _identify(log) ignored
[0.697s] colcon.colcon_core.package_identification Level 1 _identify(src) by extensions ['ignore', 'ignore_ament_install']
[0.697s] colcon.colcon_core.package_identification Level 1 _identify(src) by extension 'ignore'
[0.697s] colcon.colcon_core.package_identification Level 1 _identify(src) by extension 'ignore_ament_install'
[0.697s] colcon.colcon_core.package_identification Level 1 _identify(src) by extensions ['colcon_pkg']
[0.697s] colcon.colcon_core.package_identification Level 1 _identify(src) by extension 'colcon_pkg'
[0.697s] colcon.colcon_core.package_identification Level 1 _identify(src) by extensions ['colcon_meta']
[0.697s] colcon.colcon_core.package_identification Level 1 _identify(src) by extension 'colcon_meta'
[0.697s] colcon.colcon_core.package_identification Level 1 _identify(src) by extensions ['ros']
[0.697s] colcon.colcon_core.package_identification Level 1 _identify(src) by extension 'ros'
[0.697s] colcon.colcon_core.package_identification Level 1 _identify(src) by extensions ['cmake', 'python']
[0.697s] colcon.colcon_core.package_identification Level 1 _identify(src) by extension 'cmake'
[0.697s] colcon.colcon_core.package_identification Level 1 _identify(src) by extension 'python'
[0.697s] colcon.colcon_core.package_identification Level 1 _identify(src) by extensions ['python_setup_py']
[0.697s] colcon.colcon_core.package_identification Level 1 _identify(src) by extension 'python_setup_py'
[0.697s] colcon.colcon_core.package_identification Level 1 _identify(src/Micro-XRCE-DDS-Agent) by extensions ['ignore', 'ignore_ament_install']
[0.698s] colcon.colcon_core.package_identification Level 1 _identify(src/Micro-XRCE-DDS-Agent) by extension 'ignore'
[0.698s] colcon.colcon_core.package_identification Level 1 _identify(src/Micro-XRCE-DDS-Agent) by extension 'ignore_ament_install'
[0.698s] colcon.colcon_core.package_identification Level 1 _identify(src/Micro-XRCE-DDS-Agent) by extensions ['colcon_pkg']
[0.698s] colcon.colcon_core.package_identification Level 1 _identify(src/Micro-XRCE-DDS-Agent) by extension 'colcon_pkg'
[0.699s] colcon.colcon_metadata.metadata.colcon_pkg INFO Setting type 'cmake' of package 'src/Micro-XRCE-DDS-Agent' from colcon.pkg
[0.699s] colcon.colcon_metadata.metadata.colcon_pkg INFO Setting name 'microxrcedds_agent' of package 'src/Micro-XRCE-DDS-Agent' from colcon.pkg
[0.699s] colcon.colcon_core.package_identification DEBUG Package 'src/Micro-XRCE-DDS-Agent' with type 'cmake' and name 'microxrcedds_agent'
[0.699s] colcon.colcon_core.package_identification Level 1 _identify(src/px4_msgs) by extensions ['ignore', 'ignore_ament_install']
[0.699s] colcon.colcon_core.package_identification Level 1 _identify(src/px4_msgs) by extension 'ignore'
[0.699s] colcon.colcon_core.package_identification Level 1 _identify(src/px4_msgs) by extension 'ignore_ament_install'
[0.699s] colcon.colcon_core.package_identification Level 1 _identify(src/px4_msgs) by extensions ['colcon_pkg']
[0.699s] colcon.colcon_core.package_identification Level 1 _identify(src/px4_msgs) by extension 'colcon_pkg'
[0.699s] colcon.colcon_core.package_identification Level 1 _identify(src/px4_msgs) by extensions ['colcon_meta']
[0.699s] colcon.colcon_core.package_identification Level 1 _identify(src/px4_msgs) by extension 'colcon_meta'
[0.699s] colcon.colcon_core.package_identification Level 1 _identify(src/px4_msgs) by extensions ['ros']
[0.699s] colcon.colcon_core.package_identification Level 1 _identify(src/px4_msgs) by extension 'ros'
[0.704s] colcon.colcon_core.package_identification DEBUG Package 'src/px4_msgs' with type 'ros.ament_cmake' and name 'px4_msgs'
[0.704s] colcon.colcon_core.package_identification Level 1 _identify(src/scout_bot) by extensions ['ignore', 'ignore_ament_install']
[0.704s] colcon.colcon_core.package_identification Level 1 _identify(src/scout_bot) by extension 'ignore'
[0.704s] colcon.colcon_core.package_identification Level 1 _identify(src/scout_bot) by extension 'ignore_ament_install'
[0.704s] colcon.colcon_core.package_identification Level 1 _identify(src/scout_bot) by extensions ['colcon_pkg']
[0.704s] colcon.colcon_core.package_identification Level 1 _identify(src/scout_bot) by extension 'colcon_pkg'
[0.704s] colcon.colcon_core.package_identification Level 1 _identify(src/scout_bot) by extensions ['colcon_meta']
[0.704s] colcon.colcon_core.package_identification Level 1 _identify(src/scout_bot) by extension 'colcon_meta'
[0.704s] colcon.colcon_core.package_identification Level 1 _identify(src/scout_bot) by extensions ['ros']
[0.704s] colcon.colcon_core.package_identification Level 1 _identify(src/scout_bot) by extension 'ros'
[0.705s] colcon.colcon_core.package_identification DEBUG Package 'src/scout_bot' with type 'ros.ament_python' and name 'scout_bot'
[0.705s] colcon.colcon_core.package_discovery Level 1 discover_packages(recursive) using defaults
[0.705s] colcon.colcon_core.package_discovery Level 1 discover_packages(ignore) discover
[0.705s] colcon.colcon_core.package_discovery Level 1 discover_packages(ignore) using defaults
[0.705s] colcon.colcon_core.package_discovery Level 1 discover_packages(path) discover
[0.705s] colcon.colcon_core.package_discovery Level 1 discover_packages(path) using defaults
[0.733s] colcon.colcon_metadata.metadata.colcon_pkg INFO Updating descriptor of package 'src/Micro-XRCE-DDS-Agent' from colcon.pkg: {'name': 'microxrcedds_agent', 'type': 'cmake', 'dependencies': ['fastcdr', 'fastrtps'], 'cmake-args': ['-DUAGENT_ISOLATED_INSTALL=OFF', '-DUAGENT_USE_SYSTEM_FASTCDR=ON', '-DUAGENT_USE_SYSTEM_FASTDDS=ON']}
[0.734s] colcon.colcon_core.package_selection INFO Skipping not selected package 'px4_msgs' in 'src/px4_msgs'
[0.734s] colcon.colcon_core.package_selection INFO Skipping not selected package 'scout_bot' in 'src/scout_bot'
[0.734s] colcon.colcon_core.verb Level 5 set package 'microxrcedds_agent' build argument 'cmake_args' from command line to '['-Dfastcdr_ROOT=/nonexistent_path', '-DFast-CDR_ROOT=/nonexistent_path', '-DUAGENT_SUPERBUILD=ON', '-DUAGENT_USE_SYSTEM_FASTCDR=OFF', '-DUAGENT_USE_SYSTEM_FASTDDS=OFF', '-DCMAKE_BUILD_TYPE=Release']'
[0.734s] colcon.colcon_core.verb Level 5 extend package 'microxrcedds_agent' build argument 'cmake_args' from package metadata with '['-DUAGENT_ISOLATED_INSTALL=OFF', '-DUAGENT_USE_SYSTEM_FASTCDR=ON', '-DUAGENT_USE_SYSTEM_FASTDDS=ON']'
[0.734s] colcon.colcon_core.verb Level 5 set package 'microxrcedds_agent' build argument 'cmake_target' from command line to 'None'
[0.734s] colcon.colcon_core.verb Level 5 set package 'microxrcedds_agent' build argument 'cmake_target_skip_unavailable' from command line to 'False'
[0.734s] colcon.colcon_core.verb Level 5 set package 'microxrcedds_agent' build argument 'cmake_clean_cache' from command line to 'False'
[0.734s] colcon.colcon_core.verb Level 5 set package 'microxrcedds_agent' build argument 'cmake_clean_first' from command line to 'False'
[0.734s] colcon.colcon_core.verb Level 5 set package 'microxrcedds_agent' build argument 'cmake_force_configure' from command line to 'False'
[0.734s] colcon.colcon_core.verb Level 5 set package 'microxrcedds_agent' build argument 'ament_cmake_args' from command line to 'None'
[0.734s] colcon.colcon_core.verb Level 5 set package 'microxrcedds_agent' build argument 'catkin_cmake_args' from command line to 'None'
[0.734s] colcon.colcon_core.verb Level 5 set package 'microxrcedds_agent' build argument 'catkin_skip_building_tests' from command line to 'False'
[0.734s] colcon.colcon_core.verb DEBUG Building package 'microxrcedds_agent' with the following arguments: {'ament_cmake_args': None, 'build_base': '/Users/eduardofelix/scout_bot_mac/ros_ws/build/microxrcedds_agent', 'catkin_cmake_args': None, 'catkin_skip_building_tests': False, 'cmake_args': ['-Dfastcdr_ROOT=/nonexistent_path', '-DFast-CDR_ROOT=/nonexistent_path', '-DUAGENT_SUPERBUILD=ON', '-DUAGENT_USE_SYSTEM_FASTCDR=OFF', '-DUAGENT_USE_SYSTEM_FASTDDS=OFF', '-DCMAKE_BUILD_TYPE=Release', '-DUAGENT_ISOLATED_INSTALL=OFF', '-DUAGENT_USE_SYSTEM_FASTCDR=ON', '-DUAGENT_USE_SYSTEM_FASTDDS=ON'], 'cmake_clean_cache': False, 'cmake_clean_first': False, 'cmake_force_configure': False, 'cmake_target': None, 'cmake_target_skip_unavailable': False, 'install_base': '/Users/eduardofelix/scout_bot_mac/ros_ws/install/microxrcedds_agent', 'merge_install': False, 'path': '/Users/eduardofelix/scout_bot_mac/ros_ws/src/Micro-XRCE-DDS-Agent', 'symlink_install': False, 'test_result_base': None}
[0.735s] colcon.colcon_core.executor INFO Executing jobs using 'parallel' executor
[0.736s] colcon.colcon_parallel_executor.executor.parallel DEBUG run_until_complete
[0.736s] colcon.colcon_cmake.task.cmake.build INFO Building CMake package in '/Users/eduardofelix/scout_bot_mac/ros_ws/src/Micro-XRCE-DDS-Agent'
[0.739s] colcon.colcon_core.plugin_system INFO Skipping extension 'colcon_core.shell.bat': Not used on non-Windows systems
[0.739s] colcon.colcon_core.shell INFO Skip shell extension 'powershell' for command environment: Not usable outside of PowerShell
[0.739s] colcon.colcon_core.shell DEBUG Skip shell extension 'dsv' for command environment
[0.761s] colcon.colcon_core.event_handler.log_command DEBUG Invoking command in '/Users/eduardofelix/scout_bot_mac/ros_ws/build/microxrcedds_agent': PIXI_PROMPT=(scout_bot_mac) SHLVL=3 _=/usr/bin/env /Users/eduardofelix/scout_bot_mac/.pixi/envs/default/bin/cmake /Users/eduardofelix/scout_bot_mac/ros_ws/src/Micro-XRCE-DDS-Agent -Dfastcdr_ROOT=/nonexistent_path -DFast-CDR_ROOT=/nonexistent_path -DUAGENT_SUPERBUILD=ON -DUAGENT_USE_SYSTEM_FASTCDR=OFF -DUAGENT_USE_SYSTEM_FASTDDS=OFF -DCMAKE_BUILD_TYPE=Release -DUAGENT_ISOLATED_INSTALL=OFF -DUAGENT_USE_SYSTEM_FASTCDR=ON -DUAGENT_USE_SYSTEM_FASTDDS=ON -DCMAKE_INSTALL_PREFIX=/Users/eduardofelix/scout_bot_mac/ros_ws/install/microxrcedds_agent
[2.830s] colcon.colcon_core.event_handler.log_command DEBUG Invoked command in '/Users/eduardofelix/scout_bot_mac/ros_ws/build/microxrcedds_agent' returned '0': PIXI_PROMPT=(scout_bot_mac) SHLVL=3 _=/usr/bin/env /Users/eduardofelix/scout_bot_mac/.pixi/envs/default/bin/cmake /Users/eduardofelix/scout_bot_mac/ros_ws/src/Micro-XRCE-DDS-Agent -Dfastcdr_ROOT=/nonexistent_path -DFast-CDR_ROOT=/nonexistent_path -DUAGENT_SUPERBUILD=ON -DUAGENT_USE_SYSTEM_FASTCDR=OFF -DUAGENT_USE_SYSTEM_FASTDDS=OFF -DCMAKE_BUILD_TYPE=Release -DUAGENT_ISOLATED_INSTALL=OFF -DUAGENT_USE_SYSTEM_FASTCDR=ON -DUAGENT_USE_SYSTEM_FASTDDS=ON -DCMAKE_INSTALL_PREFIX=/Users/eduardofelix/scout_bot_mac/ros_ws/install/microxrcedds_agent
[2.833s] colcon.colcon_core.event_handler.log_command DEBUG Invoking command in '/Users/eduardofelix/scout_bot_mac/ros_ws/build/microxrcedds_agent': PIXI_PROMPT=(scout_bot_mac) SHLVL=3 _=/usr/bin/env /Users/eduardofelix/scout_bot_mac/.pixi/envs/default/bin/cmake --build /Users/eduardofelix/scout_bot_mac/ros_ws/build/microxrcedds_agent -- -j8 -l8
[16.367s] colcon.colcon_core.event_handler.log_command DEBUG Invoked command in '/Users/eduardofelix/scout_bot_mac/ros_ws/build/microxrcedds_agent' returned '2': PIXI_PROMPT=(scout_bot_mac) SHLVL=3 _=/usr/bin/env /Users/eduardofelix/scout_bot_mac/.pixi/envs/default/bin/cmake --build /Users/eduardofelix/scout_bot_mac/ros_ws/build/microxrcedds_agent -- -j8 -l8
[16.378s] colcon.colcon_parallel_executor.executor.parallel DEBUG closing loop
[16.378s] colcon.colcon_parallel_executor.executor.parallel DEBUG loop closed
[16.378s] colcon.colcon_parallel_executor.executor.parallel DEBUG run_until_complete finished with '2'
[16.379s] colcon.colcon_core.event_reactor DEBUG joining thread
[16.379s] colcon.colcon_core.event_reactor DEBUG joined thread
[16.380s] colcon.colcon_core.shell INFO Creating prefix script '/Users/eduardofelix/scout_bot_mac/ros_ws/install/local_setup.ps1'
[16.384s] colcon.colcon_core.shell INFO Creating prefix util module '/Users/eduardofelix/scout_bot_mac/ros_ws/install/_local_setup_util_ps1.py'
[16.386s] colcon.colcon_core.shell INFO Creating prefix chain script '/Users/eduardofelix/scout_bot_mac/ros_ws/install/setup.ps1'
[16.388s] colcon.colcon_core.shell INFO Creating prefix script '/Users/eduardofelix/scout_bot_mac/ros_ws/install/local_setup.sh'
[16.389s] colcon.colcon_core.shell INFO Creating prefix util module '/Users/eduardofelix/scout_bot_mac/ros_ws/install/_local_setup_util_sh.py'
[16.390s] colcon.colcon_core.shell INFO Creating prefix chain script '/Users/eduardofelix/scout_bot_mac/ros_ws/install/setup.sh'
[16.391s] colcon.colcon_core.shell INFO Creating prefix script '/Users/eduardofelix/scout_bot_mac/ros_ws/install/local_setup.bash'
[16.392s] colcon.colcon_core.shell INFO Creating prefix chain script '/Users/eduardofelix/scout_bot_mac/ros_ws/install/setup.bash'
[16.393s] colcon.colcon_core.shell INFO Creating prefix script '/Users/eduardofelix/scout_bot_mac/ros_ws/install/local_setup.zsh'
[16.394s] colcon.colcon_core.shell INFO Creating prefix chain script '/Users/eduardofelix/scout_bot_mac/ros_ws/install/setup.zsh'
