[0.274s] [34mcolcon[0m [1;30mDEBUG[0m [32mCommand line arguments: ['/Users/eduardofelix/scout_bot_mac/.pixi/envs/default/bin/colcon', 'build', '--parallel-workers', '2'][0m
[0.274s] [34mcolcon[0m [1;30mDEBUG[0m [32mParsed command line arguments: Namespace(log_base=None, log_level=None, verb_name='build', build_base='build', install_base='install', merge_install=False, symlink_install=False, test_result_base=None, continue_on_error=False, executor='parallel', parallel_workers=2, event_handlers=None, ignore_user_meta=False, metas=['./colcon.meta'], base_paths=['.'], packages_ignore=None, packages_ignore_regex=None, paths=None, packages_up_to=None, packages_up_to_regex=None, packages_above=None, packages_above_and_dependencies=None, packages_above_depth=None, packages_select_by_dep=None, packages_skip_by_dep=None, packages_skip_up_to=None, packages_select_build_failed=False, packages_skip_build_finished=False, packages_select_test_failures=False, packages_skip_test_passed=False, packages_select=None, packages_skip=None, packages_select_regex=None, packages_skip_regex=None, packages_start=None, packages_end=None, cmake_args=None, cmake_target=None, cmake_target_skip_unavailable=False, cmake_clean_cache=False, cmake_clean_first=False, cmake_force_configure=False, ament_cmake_args=None, catkin_cmake_args=None, catkin_skip_building_tests=False, verb_parser=<colcon_defaults.argument_parser.defaults.DefaultArgumentsDecorator object at 0x104d17470>, verb_extension=<colcon_core.verb.build.BuildVerb object at 0x104543500>, main=<bound method BuildVerb.main of <colcon_core.verb.build.BuildVerb object at 0x104543500>>)[0m
[0.323s] [34mcolcon.colcon_core.package_discovery[0m [1;30mLevel 1[0m discover_packages(colcon_meta) check parameters
[0.323s] [34mcolcon.colcon_core.package_discovery[0m [1;30mLevel 1[0m discover_packages(recursive) check parameters
[0.323s] [34mcolcon.colcon_core.package_discovery[0m [1;30mLevel 1[0m discover_packages(ignore) check parameters
[0.323s] [34mcolcon.colcon_core.package_discovery[0m [1;30mLevel 1[0m discover_packages(path) check parameters
[0.323s] [34mcolcon.colcon_core.package_discovery[0m [1;30mLevel 1[0m discover_packages(colcon_meta) discover
[0.323s] [34mcolcon.colcon_core.package_discovery[0m [1;30mLevel 1[0m discover_packages(recursive) discover
[0.324s] [34mcolcon.colcon_core.package_discovery[0m [1;30mINFO[0m Crawling recursively for packages in '/Users/eduardofelix/scout_bot_mac/ros_ws'
[0.324s] [34mcolcon.colcon_core.package_identification[0m [1;30mLevel 1[0m _identify(.) by extensions ['ignore', 'ignore_ament_install']
[0.324s] [34mcolcon.colcon_core.package_identification[0m [1;30mLevel 1[0m _identify(.) by extension 'ignore'
[0.324s] [34mcolcon.colcon_core.package_identification[0m [1;30mLevel 1[0m _identify(.) by extension 'ignore_ament_install'
[0.324s] [34mcolcon.colcon_core.package_identification[0m [1;30mLevel 1[0m _identify(.) by extensions ['colcon_pkg']
[0.324s] [34mcolcon.colcon_core.package_identification[0m [1;30mLevel 1[0m _identify(.) by extension 'colcon_pkg'
[0.324s] [34mcolcon.colcon_core.package_identification[0m [1;30mLevel 1[0m _identify(.) by extensions ['colcon_meta']
[0.324s] [34mcolcon.colcon_core.package_identification[0m [1;30mLevel 1[0m _identify(.) by extension 'colcon_meta'
[0.324s] [34mcolcon.colcon_core.package_identification[0m [1;30mLevel 1[0m _identify(.) by extensions ['ros']
[0.324s] [34mcolcon.colcon_core.package_identification[0m [1;30mLevel 1[0m _identify(.) by extension 'ros'
[0.362s] [34mcolcon.colcon_core.package_identification[0m [1;30mLevel 1[0m _identify(.) by extensions ['cmake', 'python']
[0.362s] [34mcolcon.colcon_core.package_identification[0m [1;30mLevel 1[0m _identify(.) by extension 'cmake'
[0.362s] [34mcolcon.colcon_core.package_identification[0m [1;30mLevel 1[0m _identify(.) by extension 'python'
[0.362s] [34mcolcon.colcon_core.package_identification[0m [1;30mLevel 1[0m _identify(.) by extensions ['python_setup_py']
[0.362s] [34mcolcon.colcon_core.package_identification[0m [1;30mLevel 1[0m _identify(.) by extension 'python_setup_py'
[0.363s] [34mcolcon.colcon_core.package_identification[0m [1;30mLevel 1[0m _identify(build) by extensions ['ignore', 'ignore_ament_install']
[0.363s] [34mcolcon.colcon_core.package_identification[0m [1;30mLevel 1[0m _identify(build) by extension 'ignore'
[0.363s] [34mcolcon.colcon_core.package_identification[0m [1;30mLevel 1[0m _identify(build) ignored
[0.363s] [34mcolcon.colcon_core.package_identification[0m [1;30mLevel 1[0m _identify(install) by extensions ['ignore', 'ignore_ament_install']
[0.363s] [34mcolcon.colcon_core.package_identification[0m [1;30mLevel 1[0m _identify(install) by extension 'ignore'
[0.363s] [34mcolcon.colcon_core.package_identification[0m [1;30mLevel 1[0m _identify(install) ignored
[0.363s] [34mcolcon.colcon_core.package_identification[0m [1;30mLevel 1[0m _identify(log) by extensions ['ignore', 'ignore_ament_install']
[0.363s] [34mcolcon.colcon_core.package_identification[0m [1;30mLevel 1[0m _identify(log) by extension 'ignore'
[0.363s] [34mcolcon.colcon_core.package_identification[0m [1;30mLevel 1[0m _identify(log) ignored
[0.364s] [34mcolcon.colcon_core.package_identification[0m [1;30mLevel 1[0m _identify(src) by extensions ['ignore', 'ignore_ament_install']
[0.364s] [34mcolcon.colcon_core.package_identification[0m [1;30mLevel 1[0m _identify(src) by extension 'ignore'
[0.364s] [34mcolcon.colcon_core.package_identification[0m [1;30mLevel 1[0m _identify(src) by extension 'ignore_ament_install'
[0.364s] [34mcolcon.colcon_core.package_identification[0m [1;30mLevel 1[0m _identify(src) by extensions ['colcon_pkg']
[0.364s] [34mcolcon.colcon_core.package_identification[0m [1;30mLevel 1[0m _identify(src) by extension 'colcon_pkg'
[0.364s] [34mcolcon.colcon_core.package_identification[0m [1;30mLevel 1[0m _identify(src) by extensions ['colcon_meta']
[0.364s] [34mcolcon.colcon_core.package_identification[0m [1;30mLevel 1[0m _identify(src) by extension 'colcon_meta'
[0.364s] [34mcolcon.colcon_core.package_identification[0m [1;30mLevel 1[0m _identify(src) by extensions ['ros']
[0.364s] [34mcolcon.colcon_core.package_identification[0m [1;30mLevel 1[0m _identify(src) by extension 'ros'
[0.364s] [34mcolcon.colcon_core.package_identification[0m [1;30mLevel 1[0m _identify(src) by extensions ['cmake', 'python']
[0.364s] [34mcolcon.colcon_core.package_identification[0m [1;30mLevel 1[0m _identify(src) by extension 'cmake'
[0.364s] [34mcolcon.colcon_core.package_identification[0m [1;30mLevel 1[0m _identify(src) by extension 'python'
[0.364s] [34mcolcon.colcon_core.package_identification[0m [1;30mLevel 1[0m _identify(src) by extensions ['python_setup_py']
[0.364s] [34mcolcon.colcon_core.package_identification[0m [1;30mLevel 1[0m _identify(src) by extension 'python_setup_py'
[0.364s] [34mcolcon.colcon_core.package_identification[0m [1;30mLevel 1[0m _identify(src/Micro-XRCE-DDS-Agent) by extensions ['ignore', 'ignore_ament_install']
[0.364s] [34mcolcon.colcon_core.package_identification[0m [1;30mLevel 1[0m _identify(src/Micro-XRCE-DDS-Agent) by extension 'ignore'
[0.364s] [34mcolcon.colcon_core.package_identification[0m [1;30mLevel 1[0m _identify(src/Micro-XRCE-DDS-Agent) by extension 'ignore_ament_install'
[0.364s] [34mcolcon.colcon_core.package_identification[0m [1;30mLevel 1[0m _identify(src/Micro-XRCE-DDS-Agent) by extensions ['colcon_pkg']
[0.364s] [34mcolcon.colcon_core.package_identification[0m [1;30mLevel 1[0m _identify(src/Micro-XRCE-DDS-Agent) by extension 'colcon_pkg'
[0.365s] [34mcolcon.colcon_metadata.metadata.colcon_pkg[0m [1;30mINFO[0m Setting type 'cmake' of package 'src/Micro-XRCE-DDS-Agent' from colcon.pkg
[0.365s] [34mcolcon.colcon_metadata.metadata.colcon_pkg[0m [1;30mINFO[0m Setting name 'microxrcedds_agent' of package 'src/Micro-XRCE-DDS-Agent' from colcon.pkg
[0.366s] [34mcolcon.colcon_core.package_identification[0m [1;30mDEBUG[0m [32mPackage 'src/Micro-XRCE-DDS-Agent' with type 'cmake' and name 'microxrcedds_agent'[0m
[0.366s] [34mcolcon.colcon_core.package_identification[0m [1;30mLevel 1[0m _identify(src/px4_msgs) by extensions ['ignore', 'ignore_ament_install']
[0.366s] [34mcolcon.colcon_core.package_identification[0m [1;30mLevel 1[0m _identify(src/px4_msgs) by extension 'ignore'
[0.366s] [34mcolcon.colcon_core.package_identification[0m [1;30mLevel 1[0m _identify(src/px4_msgs) by extension 'ignore_ament_install'
[0.366s] [34mcolcon.colcon_core.package_identification[0m [1;30mLevel 1[0m _identify(src/px4_msgs) by extensions ['colcon_pkg']
[0.366s] [34mcolcon.colcon_core.package_identification[0m [1;30mLevel 1[0m _identify(src/px4_msgs) by extension 'colcon_pkg'
[0.366s] [34mcolcon.colcon_core.package_identification[0m [1;30mLevel 1[0m _identify(src/px4_msgs) by extensions ['colcon_meta']
[0.366s] [34mcolcon.colcon_core.package_identification[0m [1;30mLevel 1[0m _identify(src/px4_msgs) by extension 'colcon_meta'
[0.366s] [34mcolcon.colcon_core.package_identification[0m [1;30mLevel 1[0m _identify(src/px4_msgs) by extensions ['ros']
[0.366s] [34mcolcon.colcon_core.package_identification[0m [1;30mLevel 1[0m _identify(src/px4_msgs) by extension 'ros'
[0.369s] [34mcolcon.colcon_core.package_identification[0m [1;30mDEBUG[0m [32mPackage 'src/px4_msgs' with type 'ros.ament_cmake' and name 'px4_msgs'[0m
[0.370s] [34mcolcon.colcon_core.package_identification[0m [1;30mLevel 1[0m _identify(src/scout_bot) by extensions ['ignore', 'ignore_ament_install']
[0.370s] [34mcolcon.colcon_core.package_identification[0m [1;30mLevel 1[0m _identify(src/scout_bot) by extension 'ignore'
[0.370s] [34mcolcon.colcon_core.package_identification[0m [1;30mLevel 1[0m _identify(src/scout_bot) by extension 'ignore_ament_install'
[0.370s] [34mcolcon.colcon_core.package_identification[0m [1;30mLevel 1[0m _identify(src/scout_bot) by extensions ['colcon_pkg']
[0.370s] [34mcolcon.colcon_core.package_identification[0m [1;30mLevel 1[0m _identify(src/scout_bot) by extension 'colcon_pkg'
[0.370s] [34mcolcon.colcon_core.package_identification[0m [1;30mLevel 1[0m _identify(src/scout_bot) by extensions ['colcon_meta']
[0.370s] [34mcolcon.colcon_core.package_identification[0m [1;30mLevel 1[0m _identify(src/scout_bot) by extension 'colcon_meta'
[0.370s] [34mcolcon.colcon_core.package_identification[0m [1;30mLevel 1[0m _identify(src/scout_bot) by extensions ['ros']
[0.370s] [34mcolcon.colcon_core.package_identification[0m [1;30mLevel 1[0m _identify(src/scout_bot) by extension 'ros'
[0.371s] [34mcolcon.colcon_core.package_identification[0m [1;30mDEBUG[0m [32mPackage 'src/scout_bot' with type 'ros.ament_python' and name 'scout_bot'[0m
[0.371s] [34mcolcon.colcon_core.package_discovery[0m [1;30mLevel 1[0m discover_packages(recursive) using defaults
[0.371s] [34mcolcon.colcon_core.package_discovery[0m [1;30mLevel 1[0m discover_packages(ignore) discover
[0.371s] [34mcolcon.colcon_core.package_discovery[0m [1;30mLevel 1[0m discover_packages(ignore) using defaults
[0.371s] [34mcolcon.colcon_core.package_discovery[0m [1;30mLevel 1[0m discover_packages(path) discover
[0.371s] [34mcolcon.colcon_core.package_discovery[0m [1;30mLevel 1[0m discover_packages(path) using defaults
[0.390s] [34mcolcon.colcon_metadata.metadata.colcon_pkg[0m [1;30mINFO[0m Updating descriptor of package 'src/Micro-XRCE-DDS-Agent' from colcon.pkg: {'name': 'microxrcedds_agent', 'type': 'cmake', 'dependencies': ['fastcdr', 'fastrtps'], 'cmake-args': ['-DUAGENT_ISOLATED_INSTALL=OFF', '-DUAGENT_USE_SYSTEM_FASTCDR=ON', '-DUAGENT_USE_SYSTEM_FASTDDS=ON']}
[0.391s] [34mcolcon.colcon_core.verb[0m [1;30mLevel 5[0m set package 'microxrcedds_agent' build argument 'cmake_args' from command line to 'None'
[0.391s] [34mcolcon.colcon_core.verb[0m [1;30mLevel 5[0m overwrite package 'microxrcedds_agent' build argument 'cmake_args' from package metadata with '['-DUAGENT_ISOLATED_INSTALL=OFF', '-DUAGENT_USE_SYSTEM_FASTCDR=ON', '-DUAGENT_USE_SYSTEM_FASTDDS=ON']' (before: 'None')
[0.391s] [34mcolcon.colcon_core.verb[0m [1;30mLevel 5[0m set package 'microxrcedds_agent' build argument 'cmake_target' from command line to 'None'
[0.391s] [34mcolcon.colcon_core.verb[0m [1;30mLevel 5[0m set package 'microxrcedds_agent' build argument 'cmake_target_skip_unavailable' from command line to 'False'
[0.391s] [34mcolcon.colcon_core.verb[0m [1;30mLevel 5[0m set package 'microxrcedds_agent' build argument 'cmake_clean_cache' from command line to 'False'
[0.391s] [34mcolcon.colcon_core.verb[0m [1;30mLevel 5[0m set package 'microxrcedds_agent' build argument 'cmake_clean_first' from command line to 'False'
[0.391s] [34mcolcon.colcon_core.verb[0m [1;30mLevel 5[0m set package 'microxrcedds_agent' build argument 'cmake_force_configure' from command line to 'False'
[0.391s] [34mcolcon.colcon_core.verb[0m [1;30mLevel 5[0m set package 'microxrcedds_agent' build argument 'ament_cmake_args' from command line to 'None'
[0.391s] [34mcolcon.colcon_core.verb[0m [1;30mLevel 5[0m set package 'microxrcedds_agent' build argument 'catkin_cmake_args' from command line to 'None'
[0.391s] [34mcolcon.colcon_core.verb[0m [1;30mLevel 5[0m set package 'microxrcedds_agent' build argument 'catkin_skip_building_tests' from command line to 'False'
[0.391s] [34mcolcon.colcon_core.verb[0m [1;30mDEBUG[0m [32mBuilding package 'microxrcedds_agent' with the following arguments: {'ament_cmake_args': None, 'build_base': '/Users/eduardofelix/scout_bot_mac/ros_ws/build/microxrcedds_agent', 'catkin_cmake_args': None, 'catkin_skip_building_tests': False, 'cmake_args': ['-DUAGENT_ISOLATED_INSTALL=OFF', '-DUAGENT_USE_SYSTEM_FASTCDR=ON', '-DUAGENT_USE_SYSTEM_FASTDDS=ON'], 'cmake_clean_cache': False, 'cmake_clean_first': False, 'cmake_force_configure': False, 'cmake_target': None, 'cmake_target_skip_unavailable': False, 'install_base': '/Users/eduardofelix/scout_bot_mac/ros_ws/install/microxrcedds_agent', 'merge_install': False, 'path': '/Users/eduardofelix/scout_bot_mac/ros_ws/src/Micro-XRCE-DDS-Agent', 'symlink_install': False, 'test_result_base': None}[0m
[0.391s] [34mcolcon.colcon_core.verb[0m [1;30mLevel 5[0m set package 'px4_msgs' build argument 'cmake_args' from command line to 'None'
[0.392s] [34mcolcon.colcon_core.verb[0m [1;30mLevel 5[0m set package 'px4_msgs' build argument 'cmake_target' from command line to 'None'
[0.392s] [34mcolcon.colcon_core.verb[0m [1;30mLevel 5[0m set package 'px4_msgs' build argument 'cmake_target_skip_unavailable' from command line to 'False'
[0.392s] [34mcolcon.colcon_core.verb[0m [1;30mLevel 5[0m set package 'px4_msgs' build argument 'cmake_clean_cache' from command line to 'False'
[0.392s] [34mcolcon.colcon_core.verb[0m [1;30mLevel 5[0m set package 'px4_msgs' build argument 'cmake_clean_first' from command line to 'False'
[0.392s] [34mcolcon.colcon_core.verb[0m [1;30mLevel 5[0m set package 'px4_msgs' build argument 'cmake_force_configure' from command line to 'False'
[0.392s] [34mcolcon.colcon_core.verb[0m [1;30mLevel 5[0m set package 'px4_msgs' build argument 'ament_cmake_args' from command line to 'None'
[0.392s] [34mcolcon.colcon_core.verb[0m [1;30mLevel 5[0m set package 'px4_msgs' build argument 'catkin_cmake_args' from command line to 'None'
[0.392s] [34mcolcon.colcon_core.verb[0m [1;30mLevel 5[0m set package 'px4_msgs' build argument 'catkin_skip_building_tests' from command line to 'False'
[0.392s] [34mcolcon.colcon_core.verb[0m [1;30mDEBUG[0m [32mBuilding package 'px4_msgs' with the following arguments: {'ament_cmake_args': None, 'build_base': '/Users/eduardofelix/scout_bot_mac/ros_ws/build/px4_msgs', 'catkin_cmake_args': None, 'catkin_skip_building_tests': False, 'cmake_args': None, 'cmake_clean_cache': False, 'cmake_clean_first': False, 'cmake_force_configure': False, 'cmake_target': None, 'cmake_target_skip_unavailable': False, 'install_base': '/Users/eduardofelix/scout_bot_mac/ros_ws/install/px4_msgs', 'merge_install': False, 'path': '/Users/eduardofelix/scout_bot_mac/ros_ws/src/px4_msgs', 'symlink_install': False, 'test_result_base': None}[0m
[0.392s] [34mcolcon.colcon_core.verb[0m [1;30mLevel 5[0m set package 'scout_bot' build argument 'cmake_args' from command line to 'None'
[0.392s] [34mcolcon.colcon_core.verb[0m [1;30mLevel 5[0m set package 'scout_bot' build argument 'cmake_target' from command line to 'None'
[0.392s] [34mcolcon.colcon_core.verb[0m [1;30mLevel 5[0m set package 'scout_bot' build argument 'cmake_target_skip_unavailable' from command line to 'False'
[0.392s] [34mcolcon.colcon_core.verb[0m [1;30mLevel 5[0m set package 'scout_bot' build argument 'cmake_clean_cache' from command line to 'False'
[0.392s] [34mcolcon.colcon_core.verb[0m [1;30mLevel 5[0m set package 'scout_bot' build argument 'cmake_clean_first' from command line to 'False'
[0.392s] [34mcolcon.colcon_core.verb[0m [1;30mLevel 5[0m set package 'scout_bot' build argument 'cmake_force_configure' from command line to 'False'
[0.392s] [34mcolcon.colcon_core.verb[0m [1;30mLevel 5[0m set package 'scout_bot' build argument 'ament_cmake_args' from command line to 'None'
[0.392s] [34mcolcon.colcon_core.verb[0m [1;30mLevel 5[0m set package 'scout_bot' build argument 'catkin_cmake_args' from command line to 'None'
[0.392s] [34mcolcon.colcon_core.verb[0m [1;30mLevel 5[0m set package 'scout_bot' build argument 'catkin_skip_building_tests' from command line to 'False'
[0.392s] [34mcolcon.colcon_core.verb[0m [1;30mDEBUG[0m [32mBuilding package 'scout_bot' with the following arguments: {'ament_cmake_args': None, 'build_base': '/Users/eduardofelix/scout_bot_mac/ros_ws/build/scout_bot', 'catkin_cmake_args': None, 'catkin_skip_building_tests': False, 'cmake_args': None, 'cmake_clean_cache': False, 'cmake_clean_first': False, 'cmake_force_configure': False, 'cmake_target': None, 'cmake_target_skip_unavailable': False, 'install_base': '/Users/eduardofelix/scout_bot_mac/ros_ws/install/scout_bot', 'merge_install': False, 'path': '/Users/eduardofelix/scout_bot_mac/ros_ws/src/scout_bot', 'symlink_install': False, 'test_result_base': None}[0m
[0.392s] [34mcolcon.colcon_core.executor[0m [1;30mINFO[0m Executing jobs using 'parallel' executor
[0.393s] [34mcolcon.colcon_parallel_executor.executor.parallel[0m [1;30mDEBUG[0m [32mrun_until_complete[0m
[0.393s] [34mcolcon.colcon_ros.task.ament_cmake.build[0m [1;30mINFO[0m Building ROS package in '/Users/eduardofelix/scout_bot_mac/ros_ws/src/px4_msgs' with build type 'ament_cmake'
[0.393s] [34mcolcon.colcon_cmake.task.cmake.build[0m [1;30mINFO[0m Building CMake package in '/Users/eduardofelix/scout_bot_mac/ros_ws/src/px4_msgs'
[0.395s] [34mcolcon.colcon_core.plugin_system[0m [1;30mINFO[0m Skipping extension 'colcon_core.shell.bat': Not used on non-Windows systems
[0.395s] [34mcolcon.colcon_core.shell[0m [1;30mINFO[0m Skip shell extension 'powershell' for command environment: Not usable outside of PowerShell
[0.395s] [34mcolcon.colcon_core.shell[0m [1;30mDEBUG[0m [32mSkip shell extension 'dsv' for command environment[0m
[0.403s] [34mcolcon.colcon_cmake.task.cmake.build[0m [1;30mINFO[0m Building CMake package in '/Users/eduardofelix/scout_bot_mac/ros_ws/src/Micro-XRCE-DDS-Agent'
[0.404s] [34mcolcon.colcon_core.shell[0m [1;30mINFO[0m Skip shell extension 'powershell' for command environment: Not usable outside of PowerShell
[0.404s] [34mcolcon.colcon_core.shell[0m [1;30mDEBUG[0m [32mSkip shell extension 'dsv' for command environment[0m
[0.419s] [34mcolcon.colcon_core.event_handler.log_command[0m [1;30mDEBUG[0m [32mInvoking command in '/Users/eduardofelix/scout_bot_mac/ros_ws/build/px4_msgs': CMAKE_PREFIX_PATH=/Users/eduardofelix/scout_bot_mac/.pixi/envs/default PIXI_PROMPT=(scout_bot_mac) SHLVL=1 XPC_SERVICE_NAME=0 _=/usr/bin/env /Users/eduardofelix/scout_bot_mac/.pixi/envs/default/bin/cmake --build /Users/eduardofelix/scout_bot_mac/ros_ws/build/px4_msgs -- -j8 -l8[0m
[0.427s] [34mcolcon.colcon_core.event_handler.log_command[0m [1;30mDEBUG[0m [32mInvoking command in '/Users/eduardofelix/scout_bot_mac/ros_ws/build/microxrcedds_agent': PIXI_PROMPT=(scout_bot_mac) SHLVL=1 XPC_SERVICE_NAME=0 _=/usr/bin/env /Users/eduardofelix/scout_bot_mac/.pixi/envs/default/bin/cmake --build /Users/eduardofelix/scout_bot_mac/ros_ws/build/microxrcedds_agent -- -j8 -l8[0m
[0.854s] [34mcolcon.colcon_core.event_handler.log_command[0m [1;30mDEBUG[0m [32mInvoked command in '/Users/eduardofelix/scout_bot_mac/ros_ws/build/microxrcedds_agent' returned '2': PIXI_PROMPT=(scout_bot_mac) SHLVL=1 XPC_SERVICE_NAME=0 _=/usr/bin/env /Users/eduardofelix/scout_bot_mac/.pixi/envs/default/bin/cmake --build /Users/eduardofelix/scout_bot_mac/ros_ws/build/microxrcedds_agent -- -j8 -l8[0m
[7.732s] [34mcolcon.colcon_parallel_executor.executor.parallel[0m [1;30mDEBUG[0m [32mclosing loop[0m
[7.760s] [34mcolcon.colcon_parallel_executor.executor.parallel[0m [1;30mDEBUG[0m [32mloop closed[0m
[7.760s] [34mcolcon.colcon_parallel_executor.executor.parallel[0m [1;30mDEBUG[0m [32mrun_until_complete finished with '2'[0m
[7.760s] [34mcolcon.colcon_core.event_reactor[0m [1;30mDEBUG[0m [32mjoining thread[0m
[7.762s] [34mcolcon.colcon_core.event_reactor[0m [1;30mDEBUG[0m [32mjoined thread[0m
[7.763s] [34mcolcon.colcon_core.shell[0m [1;30mINFO[0m Creating prefix script '/Users/eduardofelix/scout_bot_mac/ros_ws/install/local_setup.ps1'
[7.788s] [34mcolcon.colcon_core.shell[0m [1;30mINFO[0m Creating prefix util module '/Users/eduardofelix/scout_bot_mac/ros_ws/install/_local_setup_util_ps1.py'
[7.807s] [34mcolcon.colcon_core.shell[0m [1;30mINFO[0m Creating prefix chain script '/Users/eduardofelix/scout_bot_mac/ros_ws/install/setup.ps1'
[7.857s] [34mcolcon.colcon_core.shell[0m [1;30mINFO[0m Creating prefix script '/Users/eduardofelix/scout_bot_mac/ros_ws/install/local_setup.sh'
[7.873s] [34mcolcon.colcon_core.shell[0m [1;30mINFO[0m Creating prefix util module '/Users/eduardofelix/scout_bot_mac/ros_ws/install/_local_setup_util_sh.py'
[7.875s] [34mcolcon.colcon_core.shell[0m [1;30mINFO[0m Creating prefix chain script '/Users/eduardofelix/scout_bot_mac/ros_ws/install/setup.sh'
[7.877s] [34mcolcon.colcon_core.shell[0m [1;30mINFO[0m Creating prefix script '/Users/eduardofelix/scout_bot_mac/ros_ws/install/local_setup.bash'
[7.880s] [34mcolcon.colcon_core.shell[0m [1;30mINFO[0m Creating prefix chain script '/Users/eduardofelix/scout_bot_mac/ros_ws/install/setup.bash'
[7.886s] [34mcolcon.colcon_core.shell[0m [1;30mINFO[0m Creating prefix script '/Users/eduardofelix/scout_bot_mac/ros_ws/install/local_setup.zsh'
[7.890s] [34mcolcon.colcon_core.shell[0m [1;30mINFO[0m Creating prefix chain script '/Users/eduardofelix/scout_bot_mac/ros_ws/install/setup.zsh'
